{"C:\\Users\\55319\\OneDrive\\Documentos\\RIDEFLEET\\src\\db.js": {"path":"C:\\Users\\55319\\OneDrive\\Documentos\\RIDEFLEET\\src\\db.js","statementMap":{"0":{"start":{"line":3,"column":17},"end":{"line":3,"column":30}},"1":{"start":{"line":5,"column":13},"end":{"line":12,"column":2}},"2":{"start":{"line":14,"column":0},"end":{"line":14,"column":22}}},"fnMap":{},"branchMap":{"0":{"loc":{"start":{"line":6,"column":8},"end":{"line":6,"column":41}},"type":"binary-expr","locations":[{"start":{"line":6,"column":8},"end":{"line":6,"column":27}},{"start":{"line":6,"column":31},"end":{"line":6,"column":41}}],"line":6},"1":{"loc":{"start":{"line":7,"column":8},"end":{"line":7,"column":42}},"type":"binary-expr","locations":[{"start":{"line":7,"column":8},"end":{"line":7,"column":27}},{"start":{"line":7,"column":31},"end":{"line":7,"column":42}}],"line":7},"2":{"loc":{"start":{"line":8,"column":12},"end":{"line":8,"column":46}},"type":"binary-expr","locations":[{"start":{"line":8,"column":12},"end":{"line":8,"column":31}},{"start":{"line":8,"column":35},"end":{"line":8,"column":46}}],"line":8},"3":{"loc":{"start":{"line":9,"column":12},"end":{"line":9,"column":47}},"type":"binary-expr","locations":[{"start":{"line":9,"column":12},"end":{"line":9,"column":35}},{"start":{"line":9,"column":39},"end":{"line":9,"column":47}}],"line":9},"4":{"loc":{"start":{"line":10,"column":8},"end":{"line":10,"column":35}},"type":"binary-expr","locations":[{"start":{"line":10,"column":8},"end":{"line":10,"column":27}},{"start":{"line":10,"column":31},"end":{"line":10,"column":35}}],"line":10}},"s":{"0":8,"1":8,"2":8},"f":{},"b":{"0":[8,8],"1":[8,8],"2":[8,8],"3":[8,8],"4":[8,8]},"_coverageSchema":"1a1c01bbd47fc00a2c39e90264f33305004495a9","hash":"d718723df085102eff5a2b6fc26e27d3535caf82"}
,"C:\\Users\\55319\\OneDrive\\Documentos\\RIDEFLEET\\src\\rabbitmq.js": {"path":"C:\\Users\\55319\\OneDrive\\Documentos\\RIDEFLEET\\src\\rabbitmq.js","statementMap":{"0":{"start":{"line":1,"column":13},"end":{"line":1,"column":31}},"1":{"start":{"line":5,"column":20},"end":{"line":5,"column":35}},"2":{"start":{"line":6,"column":21},"end":{"line":6,"column":42}},"3":{"start":{"line":9,"column":21},"end":{"line":9,"column":65}},"4":{"start":{"line":10,"column":2},"end":{"line":10,"column":45}},"5":{"start":{"line":12,"column":2},"end":{"line":12,"column":60}},"6":{"start":{"line":13,"column":2},"end":{"line":13,"column":61}},"7":{"start":{"line":15,"column":2},"end":{"line":15,"column":53}},"8":{"start":{"line":19,"column":2},"end":{"line":21,"column":3}},"9":{"start":{"line":20,"column":4},"end":{"line":20,"column":55}},"10":{"start":{"line":22,"column":2},"end":{"line":22,"column":17}},"11":{"start":{"line":25,"column":0},"end":{"line":30,"column":2}}},"fnMap":{"0":{"name":"connectRabbitMQ","decl":{"start":{"line":8,"column":15},"end":{"line":8,"column":30}},"loc":{"start":{"line":8,"column":33},"end":{"line":16,"column":1}},"line":8},"1":{"name":"getChannel","decl":{"start":{"line":18,"column":9},"end":{"line":18,"column":19}},"loc":{"start":{"line":18,"column":22},"end":{"line":23,"column":1}},"line":18}},"branchMap":{"0":{"loc":{"start":{"line":19,"column":2},"end":{"line":21,"column":3}},"type":"if","locations":[{"start":{"line":19,"column":2},"end":{"line":21,"column":3}},{"start":{},"end":{}}],"line":19}},"s":{"0":0,"1":0,"2":0,"3":0,"4":0,"5":0,"6":0,"7":0,"8":0,"9":0,"10":0,"11":0},"f":{"0":0,"1":0},"b":{"0":[0,0]}}
,"C:\\Users\\55319\\OneDrive\\Documentos\\RIDEFLEET\\src\\circuit-breaker\\circuit-breaker.js": {"path":"C:\\Users\\55319\\OneDrive\\Documentos\\RIDEFLEET\\src\\circuit-breaker\\circuit-breaker.js","statementMap":{"0":{"start":{"line":1,"column":20},"end":{"line":1,"column":52}},"1":{"start":{"line":2,"column":26},"end":{"line":2,"column":54}},"2":{"start":{"line":4,"column":14},"end":{"line":8,"column":1}},"3":{"start":{"line":18,"column":4},"end":{"line":18,"column":31}},"4":{"start":{"line":19,"column":4},"end":{"line":19,"column":55}},"5":{"start":{"line":20,"column":4},"end":{"line":20,"column":61}},"6":{"start":{"line":22,"column":4},"end":{"line":22,"column":30}},"7":{"start":{"line":23,"column":4},"end":{"line":23,"column":26}},"8":{"start":{"line":24,"column":4},"end":{"line":24,"column":30}},"9":{"start":{"line":25,"column":4},"end":{"line":25,"column":23}},"10":{"start":{"line":29,"column":4},"end":{"line":35,"column":5}},"11":{"start":{"line":30,"column":6},"end":{"line":34,"column":7}},"12":{"start":{"line":31,"column":8},"end":{"line":31,"column":42}},"13":{"start":{"line":33,"column":8},"end":{"line":33,"column":70}},"14":{"start":{"line":37,"column":4},"end":{"line":44,"column":5}},"15":{"start":{"line":38,"column":21},"end":{"line":38,"column":31}},"16":{"start":{"line":39,"column":6},"end":{"line":39,"column":24}},"17":{"start":{"line":40,"column":6},"end":{"line":40,"column":20}},"18":{"start":{"line":42,"column":6},"end":{"line":42,"column":24}},"19":{"start":{"line":43,"column":6},"end":{"line":43,"column":16}},"20":{"start":{"line":48,"column":4},"end":{"line":50,"column":5}},"21":{"start":{"line":49,"column":6},"end":{"line":49,"column":37}},"22":{"start":{"line":52,"column":4},"end":{"line":52,"column":26}},"23":{"start":{"line":56,"column":4},"end":{"line":56,"column":27}},"24":{"start":{"line":57,"column":4},"end":{"line":57,"column":36}},"25":{"start":{"line":59,"column":4},"end":{"line":59,"column":56}},"26":{"start":{"line":61,"column":4},"end":{"line":68,"column":5}},"27":{"start":{"line":62,"column":6},"end":{"line":62,"column":35}},"28":{"start":{"line":63,"column":11},"end":{"line":68,"column":5}},"29":{"start":{"line":67,"column":6},"end":{"line":67,"column":35}},"30":{"start":{"line":72,"column":17},"end":{"line":72,"column":27}},"31":{"start":{"line":73,"column":4},"end":{"line":73,"column":26}},"32":{"start":{"line":75,"column":4},"end":{"line":77,"column":5}},"33":{"start":{"line":76,"column":6},"end":{"line":76,"column":28}},"34":{"start":{"line":79,"column":4},"end":{"line":84,"column":7}},"35":{"start":{"line":86,"column":4},"end":{"line":89,"column":7}},"36":{"start":{"line":91,"column":4},"end":{"line":91,"column":66}},"37":{"start":{"line":93,"column":4},"end":{"line":106,"column":7}},"38":{"start":{"line":110,"column":4},"end":{"line":115,"column":5}},"39":{"start":{"line":114,"column":6},"end":{"line":114,"column":18}},"40":{"start":{"line":117,"column":4},"end":{"line":120,"column":6}},"41":{"start":{"line":124,"column":4},"end":{"line":130,"column":6}},"42":{"start":{"line":136,"column":4},"end":{"line":136,"column":22}},"43":{"start":{"line":137,"column":4},"end":{"line":137,"column":31}},"44":{"start":{"line":141,"column":4},"end":{"line":146,"column":5}},"45":{"start":{"line":142,"column":6},"end":{"line":145,"column":8}},"46":{"start":{"line":148,"column":4},"end":{"line":148,"column":41}},"47":{"start":{"line":152,"column":19},"end":{"line":152,"column":21}},"48":{"start":{"line":154,"column":4},"end":{"line":156,"column":5}},"49":{"start":{"line":155,"column":6},"end":{"line":155,"column":33}},"50":{"start":{"line":158,"column":4},"end":{"line":158,"column":18}},"51":{"start":{"line":162,"column":17},"end":{"line":172,"column":2}},"52":{"start":{"line":174,"column":0},"end":{"line":179,"column":2}}},"fnMap":{"0":{"name":"(anonymous_0)","decl":{"start":{"line":17,"column":2},"end":{"line":17,"column":3}},"loc":{"start":{"line":17,"column":36},"end":{"line":26,"column":3}},"line":17},"1":{"name":"(anonymous_1)","decl":{"start":{"line":28,"column":2},"end":{"line":28,"column":3}},"loc":{"start":{"line":28,"column":17},"end":{"line":45,"column":3}},"line":28},"2":{"name":"(anonymous_2)","decl":{"start":{"line":47,"column":2},"end":{"line":47,"column":3}},"loc":{"start":{"line":47,"column":15},"end":{"line":53,"column":3}},"line":47},"3":{"name":"(anonymous_3)","decl":{"start":{"line":55,"column":2},"end":{"line":55,"column":3}},"loc":{"start":{"line":55,"column":15},"end":{"line":69,"column":3}},"line":55},"4":{"name":"(anonymous_4)","decl":{"start":{"line":71,"column":2},"end":{"line":71,"column":3}},"loc":{"start":{"line":71,"column":24},"end":{"line":107,"column":3}},"line":71},"5":{"name":"(anonymous_5)","decl":{"start":{"line":109,"column":2},"end":{"line":109,"column":3}},"loc":{"start":{"line":109,"column":16},"end":{"line":121,"column":3}},"line":109},"6":{"name":"(anonymous_6)","decl":{"start":{"line":123,"column":2},"end":{"line":123,"column":3}},"loc":{"start":{"line":123,"column":13},"end":{"line":131,"column":3}},"line":123},"7":{"name":"(anonymous_7)","decl":{"start":{"line":135,"column":2},"end":{"line":135,"column":3}},"loc":{"start":{"line":135,"column":25},"end":{"line":138,"column":3}},"line":135},"8":{"name":"(anonymous_8)","decl":{"start":{"line":140,"column":2},"end":{"line":140,"column":3}},"loc":{"start":{"line":140,"column":17},"end":{"line":149,"column":3}},"line":140},"9":{"name":"(anonymous_9)","decl":{"start":{"line":151,"column":2},"end":{"line":151,"column":3}},"loc":{"start":{"line":151,"column":13},"end":{"line":159,"column":3}},"line":151}},"branchMap":{"0":{"loc":{"start":{"line":17,"column":25},"end":{"line":17,"column":34}},"type":"default-arg","locations":[{"start":{"line":17,"column":32},"end":{"line":17,"column":34}}],"line":17},"1":{"loc":{"start":{"line":19,"column":28},"end":{"line":19,"column":54}},"type":"binary-expr","locations":[{"start":{"line":19,"column":28},"end":{"line":19,"column":49}},{"start":{"line":19,"column":53},"end":{"line":19,"column":54}}],"line":19},"2":{"loc":{"start":{"line":20,"column":29},"end":{"line":20,"column":60}},"type":"binary-expr","locations":[{"start":{"line":20,"column":29},"end":{"line":20,"column":51}},{"start":{"line":20,"column":55},"end":{"line":20,"column":60}}],"line":20},"3":{"loc":{"start":{"line":29,"column":4},"end":{"line":35,"column":5}},"type":"if","locations":[{"start":{"line":29,"column":4},"end":{"line":35,"column":5}},{"start":{},"end":{}}],"line":29},"4":{"loc":{"start":{"line":30,"column":6},"end":{"line":34,"column":7}},"type":"if","locations":[{"start":{"line":30,"column":6},"end":{"line":34,"column":7}},{"start":{"line":32,"column":13},"end":{"line":34,"column":7}}],"line":30},"5":{"loc":{"start":{"line":48,"column":4},"end":{"line":50,"column":5}},"type":"if","locations":[{"start":{"line":48,"column":4},"end":{"line":50,"column":5}},{"start":{},"end":{}}],"line":48},"6":{"loc":{"start":{"line":61,"column":4},"end":{"line":68,"column":5}},"type":"if","locations":[{"start":{"line":61,"column":4},"end":{"line":68,"column":5}},{"start":{"line":63,"column":11},"end":{"line":68,"column":5}}],"line":61},"7":{"loc":{"start":{"line":63,"column":11},"end":{"line":68,"column":5}},"type":"if","locations":[{"start":{"line":63,"column":11},"end":{"line":68,"column":5}},{"start":{},"end":{}}],"line":63},"8":{"loc":{"start":{"line":64,"column":6},"end":{"line":65,"column":48}},"type":"binary-expr","locations":[{"start":{"line":64,"column":6},"end":{"line":64,"column":33}},{"start":{"line":65,"column":6},"end":{"line":65,"column":48}}],"line":64},"9":{"loc":{"start":{"line":75,"column":4},"end":{"line":77,"column":5}},"type":"if","locations":[{"start":{"line":75,"column":4},"end":{"line":77,"column":5}},{"start":{},"end":{}}],"line":75},"10":{"loc":{"start":{"line":94,"column":13},"end":{"line":94,"column":55}},"type":"cond-expr","locations":[{"start":{"line":94,"column":39},"end":{"line":94,"column":46}},{"start":{"line":94,"column":49},"end":{"line":94,"column":55}}],"line":94},"11":{"loc":{"start":{"line":96,"column":8},"end":{"line":98,"column":43}},"type":"cond-expr","locations":[{"start":{"line":97,"column":12},"end":{"line":97,"column":34}},{"start":{"line":98,"column":12},"end":{"line":98,"column":43}}],"line":96},"12":{"loc":{"start":{"line":110,"column":4},"end":{"line":115,"column":5}},"type":"if","locations":[{"start":{"line":110,"column":4},"end":{"line":115,"column":5}},{"start":{},"end":{}}],"line":110},"13":{"loc":{"start":{"line":111,"column":6},"end":{"line":112,"column":36}},"type":"binary-expr","locations":[{"start":{"line":111,"column":6},"end":{"line":111,"column":33}},{"start":{"line":112,"column":6},"end":{"line":112,"column":36}}],"line":111},"14":{"loc":{"start":{"line":135,"column":14},"end":{"line":135,"column":23}},"type":"default-arg","locations":[{"start":{"line":135,"column":21},"end":{"line":135,"column":23}}],"line":135},"15":{"loc":{"start":{"line":141,"column":4},"end":{"line":146,"column":5}},"type":"if","locations":[{"start":{"line":141,"column":4},"end":{"line":146,"column":5}},{"start":{},"end":{}}],"line":141},"16":{"loc":{"start":{"line":164,"column":4},"end":{"line":164,"column":43}},"type":"binary-expr","locations":[{"start":{"line":164,"column":4},"end":{"line":164,"column":36}},{"start":{"line":164,"column":40},"end":{"line":164,"column":43}}],"line":164},"17":{"loc":{"start":{"line":169,"column":4},"end":{"line":169,"column":49}},"type":"binary-expr","locations":[{"start":{"line":169,"column":4},"end":{"line":169,"column":38}},{"start":{"line":169,"column":42},"end":{"line":169,"column":49}}],"line":169}},"s":{"0":4,"1":4,"2":4,"3":4,"4":4,"5":4,"6":4,"7":4,"8":4,"9":4,"10":7,"11":2,"12":1,"13":1,"14":6,"15":6,"16":1,"17":1,"18":5,"19":5,"20":1,"21":1,"22":1,"23":5,"24":5,"25":5,"26":5,"27":0,"28":5,"29":3,"30":5,"31":5,"32":5,"33":1,"34":5,"35":5,"36":5,"37":5,"38":0,"39":0,"40":0,"41":0,"42":4,"43":4,"44":0,"45":0,"46":0,"47":0,"48":0,"49":0,"50":0,"51":4,"52":4},"f":{"0":4,"1":7,"2":1,"3":5,"4":5,"5":0,"6":0,"7":4,"8":0,"9":0},"b":{"0":[0],"1":[4,0],"2":[4,3],"3":[2,5],"4":[1,1],"5":[1,0],"6":[0,5],"7":[3,2],"8":[5,5],"9":[1,4],"10":[3,2],"11":[3,2],"12":[0,0],"13":[0,0],"14":[0],"15":[0,0],"16":[4,4],"17":[4,4]},"_coverageSchema":"1a1c01bbd47fc00a2c39e90264f33305004495a9","hash":"2721fa9ad50463f82a108aac98ecbf7d718488c1"}
,"C:\\Users\\55319\\OneDrive\\Documentos\\RIDEFLEET\\src\\consensus\\auction.js": {"path":"C:\\Users\\55319\\OneDrive\\Documentos\\RIDEFLEET\\src\\consensus\\auction.js","statementMap":{"0":{"start":{"line":1,"column":14},"end":{"line":1,"column":30}},"1":{"start":{"line":2,"column":33},"end":{"line":2,"column":78}},"2":{"start":{"line":3,"column":21},"end":{"line":3,"column":62}},"3":{"start":{"line":4,"column":20},"end":{"line":4,"column":52}},"4":{"start":{"line":5,"column":15},"end":{"line":5,"column":38}},"5":{"start":{"line":14,"column":18},"end":{"line":14,"column":44}},"6":{"start":{"line":15,"column":22},"end":{"line":15,"column":76}},"7":{"start":{"line":17,"column":4},"end":{"line":17,"column":90}},"8":{"start":{"line":19,"column":22},"end":{"line":19,"column":70}},"9":{"start":{"line":21,"column":4},"end":{"line":25,"column":5}},"10":{"start":{"line":22,"column":6},"end":{"line":22,"column":82}},"11":{"start":{"line":23,"column":6},"end":{"line":23,"column":37}},"12":{"start":{"line":24,"column":6},"end":{"line":24,"column":18}},"13":{"start":{"line":27,"column":19},"end":{"line":27,"column":48}},"14":{"start":{"line":28,"column":4},"end":{"line":28,"column":84}},"15":{"start":{"line":30,"column":4},"end":{"line":32,"column":6}},"16":{"start":{"line":33,"column":4},"end":{"line":33,"column":64}},"17":{"start":{"line":35,"column":4},"end":{"line":35,"column":18}},"18":{"start":{"line":40,"column":20},"end":{"line":40,"column":43}},"19":{"start":{"line":41,"column":21},"end":{"line":43,"column":5}},"20":{"start":{"line":42,"column":6},"end":{"line":42,"column":62}},"21":{"start":{"line":46,"column":20},"end":{"line":46,"column":54}},"22":{"start":{"line":47,"column":22},"end":{"line":47,"column":24}},"23":{"start":{"line":49,"column":4},"end":{"line":56,"column":5}},"24":{"start":{"line":50,"column":6},"end":{"line":55,"column":7}},"25":{"start":{"line":51,"column":8},"end":{"line":51,"column":37}},"26":{"start":{"line":52,"column":8},"end":{"line":54,"column":10}},"27":{"start":{"line":58,"column":4},"end":{"line":58,"column":21}},"28":{"start":{"line":62,"column":15},"end":{"line":62,"column":41}},"29":{"start":{"line":64,"column":4},"end":{"line":87,"column":5}},"30":{"start":{"line":65,"column":23},"end":{"line":77,"column":7}},"31":{"start":{"line":66,"column":8},"end":{"line":76,"column":9}},"32":{"start":{"line":79,"column":23},"end":{"line":79,"column":36}},"33":{"start":{"line":81,"column":6},"end":{"line":81,"column":93}},"34":{"start":{"line":81,"column":81},"end":{"line":81,"column":93}},"35":{"start":{"line":83,"column":6},"end":{"line":83,"column":22}},"36":{"start":{"line":85,"column":6},"end":{"line":85,"column":85}},"37":{"start":{"line":86,"column":6},"end":{"line":86,"column":18}},"38":{"start":{"line":97,"column":4},"end":{"line":101,"column":10}},"39":{"start":{"line":98,"column":6},"end":{"line":98,"column":48}},"40":{"start":{"line":98,"column":27},"end":{"line":98,"column":48}},"41":{"start":{"line":99,"column":6},"end":{"line":99,"column":56}},"42":{"start":{"line":99,"column":31},"end":{"line":99,"column":56}},"43":{"start":{"line":100,"column":6},"end":{"line":100,"column":52}},"44":{"start":{"line":108,"column":24},"end":{"line":110,"column":72}},"45":{"start":{"line":110,"column":19},"end":{"line":110,"column":71}},"46":{"start":{"line":113,"column":16},"end":{"line":113,"column":42}},"47":{"start":{"line":114,"column":18},"end":{"line":114,"column":65}},"48":{"start":{"line":116,"column":4},"end":{"line":121,"column":6}},"49":{"start":{"line":125,"column":23},"end":{"line":125,"column":43}},"50":{"start":{"line":126,"column":0},"end":{"line":126,"column":36}}},"fnMap":{"0":{"name":"(anonymous_0)","decl":{"start":{"line":13,"column":2},"end":{"line":13,"column":3}},"loc":{"start":{"line":13,"column":25},"end":{"line":36,"column":3}},"line":13},"1":{"name":"(anonymous_1)","decl":{"start":{"line":39,"column":2},"end":{"line":39,"column":3}},"loc":{"start":{"line":39,"column":43},"end":{"line":59,"column":3}},"line":39},"2":{"name":"(anonymous_2)","decl":{"start":{"line":41,"column":41},"end":{"line":41,"column":42}},"loc":{"start":{"line":42,"column":6},"end":{"line":42,"column":62}},"line":42},"3":{"name":"(anonymous_3)","decl":{"start":{"line":61,"column":2},"end":{"line":61,"column":3}},"loc":{"start":{"line":61,"column":60},"end":{"line":88,"column":3}},"line":61},"4":{"name":"(anonymous_4)","decl":{"start":{"line":65,"column":37},"end":{"line":65,"column":38}},"loc":{"start":{"line":66,"column":8},"end":{"line":76,"column":9}},"line":66},"5":{"name":"(anonymous_5)","decl":{"start":{"line":96,"column":2},"end":{"line":96,"column":3}},"loc":{"start":{"line":96,"column":27},"end":{"line":102,"column":3}},"line":96},"6":{"name":"(anonymous_6)","decl":{"start":{"line":97,"column":26},"end":{"line":97,"column":27}},"loc":{"start":{"line":97,"column":36},"end":{"line":101,"column":5}},"line":97},"7":{"name":"(anonymous_7)","decl":{"start":{"line":107,"column":2},"end":{"line":107,"column":3}},"loc":{"start":{"line":107,"column":25},"end":{"line":122,"column":3}},"line":107},"8":{"name":"(anonymous_8)","decl":{"start":{"line":110,"column":14},"end":{"line":110,"column":15}},"loc":{"start":{"line":110,"column":19},"end":{"line":110,"column":71}},"line":110}},"branchMap":{"0":{"loc":{"start":{"line":21,"column":4},"end":{"line":25,"column":5}},"type":"if","locations":[{"start":{"line":21,"column":4},"end":{"line":25,"column":5}},{"start":{},"end":{}}],"line":21},"1":{"loc":{"start":{"line":50,"column":6},"end":{"line":55,"column":7}},"type":"if","locations":[{"start":{"line":50,"column":6},"end":{"line":55,"column":7}},{"start":{},"end":{}}],"line":50},"2":{"loc":{"start":{"line":50,"column":10},"end":{"line":50,"column":55}},"type":"binary-expr","locations":[{"start":{"line":50,"column":10},"end":{"line":50,"column":39}},{"start":{"line":50,"column":43},"end":{"line":50,"column":55}}],"line":50},"3":{"loc":{"start":{"line":81,"column":6},"end":{"line":81,"column":93}},"type":"if","locations":[{"start":{"line":81,"column":6},"end":{"line":81,"column":93}},{"start":{},"end":{}}],"line":81},"4":{"loc":{"start":{"line":81,"column":10},"end":{"line":81,"column":79}},"type":"binary-expr","locations":[{"start":{"line":81,"column":10},"end":{"line":81,"column":19}},{"start":{"line":81,"column":23},"end":{"line":81,"column":42}},{"start":{"line":81,"column":46},"end":{"line":81,"column":79}}],"line":81},"5":{"loc":{"start":{"line":98,"column":6},"end":{"line":98,"column":48}},"type":"if","locations":[{"start":{"line":98,"column":6},"end":{"line":98,"column":48}},{"start":{},"end":{}}],"line":98},"6":{"loc":{"start":{"line":99,"column":6},"end":{"line":99,"column":56}},"type":"if","locations":[{"start":{"line":99,"column":6},"end":{"line":99,"column":56}},{"start":{},"end":{}}],"line":99}},"s":{"0":0,"1":0,"2":0,"3":0,"4":0,"5":0,"6":0,"7":0,"8":0,"9":0,"10":0,"11":0,"12":0,"13":0,"14":0,"15":0,"16":0,"17":0,"18":0,"19":0,"20":0,"21":0,"22":0,"23":0,"24":0,"25":0,"26":0,"27":0,"28":0,"29":0,"30":0,"31":0,"32":0,"33":0,"34":0,"35":0,"36":0,"37":0,"38":0,"39":0,"40":0,"41":0,"42":0,"43":0,"44":0,"45":0,"46":0,"47":0,"48":0,"49":0,"50":0},"f":{"0":0,"1":0,"2":0,"3":0,"4":0,"5":0,"6":0,"7":0,"8":0},"b":{"0":[0,0],"1":[0,0],"2":[0,0],"3":[0,0],"4":[0,0,0],"5":[0,0],"6":[0,0]}}
,"C:\\Users\\55319\\OneDrive\\Documentos\\RIDEFLEET\\src\\core\\core-client.js": {"path":"C:\\Users\\55319\\OneDrive\\Documentos\\RIDEFLEET\\src\\core\\core-client.js","statementMap":{"0":{"start":{"line":3,"column":14},"end":{"line":3,"column":30}},"1":{"start":{"line":4,"column":15},"end":{"line":4,"column":38}},"2":{"start":{"line":6,"column":17},"end":{"line":6,"column":86}},"3":{"start":{"line":7,"column":19},"end":{"line":7,"column":28}},"4":{"start":{"line":10,"column":2},"end":{"line":13,"column":4}},"5":{"start":{"line":17,"column":2},"end":{"line":25,"column":3}},"6":{"start":{"line":18,"column":4},"end":{"line":24,"column":6}},"7":{"start":{"line":27,"column":2},"end":{"line":33,"column":4}},"8":{"start":{"line":38,"column":2},"end":{"line":63,"column":3}},"9":{"start":{"line":40,"column":4},"end":{"line":40,"column":40}},"10":{"start":{"line":41,"column":4},"end":{"line":41,"column":66}},"11":{"start":{"line":43,"column":21},"end":{"line":48,"column":5}},"12":{"start":{"line":50,"column":4},"end":{"line":50,"column":50}},"13":{"start":{"line":52,"column":4},"end":{"line":52,"column":25}},"14":{"start":{"line":56,"column":4},"end":{"line":56,"column":39}},"15":{"start":{"line":57,"column":4},"end":{"line":57,"column":43}},"16":{"start":{"line":58,"column":4},"end":{"line":58,"column":37}},"17":{"start":{"line":59,"column":4},"end":{"line":59,"column":51}},"18":{"start":{"line":60,"column":4},"end":{"line":60,"column":47}},"19":{"start":{"line":62,"column":4},"end":{"line":62,"column":14}},"20":{"start":{"line":67,"column":20},"end":{"line":72,"column":5}},"21":{"start":{"line":74,"column":21},"end":{"line":81,"column":5}},"22":{"start":{"line":83,"column":4},"end":{"line":83,"column":16}},"23":{"start":{"line":87,"column":20},"end":{"line":106,"column":1}},"24":{"start":{"line":108,"column":21},"end":{"line":115,"column":5}},"25":{"start":{"line":117,"column":4},"end":{"line":117,"column":16}},"26":{"start":{"line":121,"column":21},"end":{"line":127,"column":5}},"27":{"start":{"line":129,"column":4},"end":{"line":129,"column":16}},"28":{"start":{"line":133,"column":21},"end":{"line":139,"column":5}},"29":{"start":{"line":141,"column":4},"end":{"line":141,"column":16}},"30":{"start":{"line":145,"column":20},"end":{"line":149,"column":5}},"31":{"start":{"line":151,"column":21},"end":{"line":158,"column":5}},"32":{"start":{"line":160,"column":4},"end":{"line":160,"column":16}},"33":{"start":{"line":164,"column":4},"end":{"line":164,"column":71}},"34":{"start":{"line":168,"column":21},"end":{"line":174,"column":5}},"35":{"start":{"line":176,"column":4},"end":{"line":176,"column":16}},"36":{"start":{"line":180,"column":19},"end":{"line":180,"column":35}},"37":{"start":{"line":182,"column":0},"end":{"line":185,"column":2}}},"fnMap":{"0":{"name":"headers","decl":{"start":{"line":9,"column":9},"end":{"line":9,"column":16}},"loc":{"start":{"line":9,"column":19},"end":{"line":14,"column":1}},"line":9},"1":{"name":"normalizarLocal","decl":{"start":{"line":16,"column":9},"end":{"line":16,"column":24}},"loc":{"start":{"line":16,"column":47},"end":{"line":34,"column":1}},"line":16},"2":{"name":"(anonymous_2)","decl":{"start":{"line":37,"column":2},"end":{"line":37,"column":3}},"loc":{"start":{"line":37,"column":17},"end":{"line":64,"column":1}},"line":37},"3":{"name":"(anonymous_3)","decl":{"start":{"line":66,"column":2},"end":{"line":66,"column":3}},"loc":{"start":{"line":66,"column":25},"end":{"line":84,"column":3}},"line":66},"4":{"name":"(anonymous_4)","decl":{"start":{"line":86,"column":2},"end":{"line":86,"column":3}},"loc":{"start":{"line":86,"column":33},"end":{"line":118,"column":3}},"line":86},"5":{"name":"(anonymous_5)","decl":{"start":{"line":120,"column":2},"end":{"line":120,"column":3}},"loc":{"start":{"line":120,"column":37},"end":{"line":130,"column":3}},"line":120},"6":{"name":"(anonymous_6)","decl":{"start":{"line":132,"column":2},"end":{"line":132,"column":3}},"loc":{"start":{"line":132,"column":34},"end":{"line":142,"column":3}},"line":132},"7":{"name":"(anonymous_7)","decl":{"start":{"line":144,"column":2},"end":{"line":144,"column":3}},"loc":{"start":{"line":144,"column":75},"end":{"line":161,"column":3}},"line":144},"8":{"name":"(anonymous_8)","decl":{"start":{"line":163,"column":2},"end":{"line":163,"column":3}},"loc":{"start":{"line":163,"column":66},"end":{"line":165,"column":3}},"line":163},"9":{"name":"(anonymous_9)","decl":{"start":{"line":167,"column":2},"end":{"line":167,"column":3}},"loc":{"start":{"line":167,"column":36},"end":{"line":177,"column":3}},"line":167}},"branchMap":{"0":{"loc":{"start":{"line":6,"column":18},"end":{"line":6,"column":66}},"type":"binary-expr","locations":[{"start":{"line":6,"column":18},"end":{"line":6,"column":39}},{"start":{"line":6,"column":43},"end":{"line":6,"column":66}}],"line":6},"1":{"loc":{"start":{"line":16,"column":32},"end":{"line":16,"column":45}},"type":"default-arg","locations":[{"start":{"line":16,"column":43},"end":{"line":16,"column":45}}],"line":16},"2":{"loc":{"start":{"line":17,"column":2},"end":{"line":25,"column":3}},"type":"if","locations":[{"start":{"line":17,"column":2},"end":{"line":25,"column":3}},{"start":{},"end":{}}],"line":17},"3":{"loc":{"start":{"line":17,"column":6},"end":{"line":17,"column":49}},"type":"binary-expr","locations":[{"start":{"line":17,"column":6},"end":{"line":17,"column":31}},{"start":{"line":17,"column":35},"end":{"line":17,"column":49}}],"line":17},"4":{"loc":{"start":{"line":19,"column":18},"end":{"line":19,"column":55}},"type":"binary-expr","locations":[{"start":{"line":19,"column":18},"end":{"line":19,"column":27}},{"start":{"line":19,"column":31},"end":{"line":19,"column":43}},{"start":{"line":19,"column":47},"end":{"line":19,"column":55}}],"line":19},"5":{"loc":{"start":{"line":20,"column":18},"end":{"line":20,"column":55}},"type":"binary-expr","locations":[{"start":{"line":20,"column":18},"end":{"line":20,"column":27}},{"start":{"line":20,"column":31},"end":{"line":20,"column":43}},{"start":{"line":20,"column":47},"end":{"line":20,"column":55}}],"line":20},"6":{"loc":{"start":{"line":21,"column":14},"end":{"line":21,"column":78}},"type":"binary-expr","locations":[{"start":{"line":21,"column":14},"end":{"line":21,"column":26}},{"start":{"line":21,"column":30},"end":{"line":21,"column":39}},{"start":{"line":21,"column":43},"end":{"line":21,"column":58}},{"start":{"line":21,"column":62},"end":{"line":21,"column":78}}],"line":21},"7":{"loc":{"start":{"line":22,"column":14},"end":{"line":22,"column":70}},"type":"binary-expr","locations":[{"start":{"line":22,"column":14},"end":{"line":22,"column":26}},{"start":{"line":22,"column":30},"end":{"line":22,"column":42}},{"start":{"line":22,"column":46},"end":{"line":22,"column":61}},{"start":{"line":22,"column":65},"end":{"line":22,"column":70}}],"line":22},"8":{"loc":{"start":{"line":23,"column":12},"end":{"line":23,"column":67}},"type":"binary-expr","locations":[{"start":{"line":23,"column":12},"end":{"line":23,"column":22}},{"start":{"line":23,"column":26},"end":{"line":23,"column":38}},{"start":{"line":23,"column":42},"end":{"line":23,"column":55}},{"start":{"line":23,"column":59},"end":{"line":23,"column":67}}],"line":23},"9":{"loc":{"start":{"line":28,"column":9},"end":{"line":28,"column":33}},"type":"binary-expr","locations":[{"start":{"line":28,"column":9},"end":{"line":28,"column":21}},{"start":{"line":28,"column":25},"end":{"line":28,"column":33}}],"line":28},"10":{"loc":{"start":{"line":29,"column":9},"end":{"line":29,"column":33}},"type":"binary-expr","locations":[{"start":{"line":29,"column":9},"end":{"line":29,"column":21}},{"start":{"line":29,"column":25},"end":{"line":29,"column":33}}],"line":29},"11":{"loc":{"start":{"line":30,"column":19},"end":{"line":30,"column":63}},"type":"binary-expr","locations":[{"start":{"line":30,"column":19},"end":{"line":30,"column":24}},{"start":{"line":30,"column":28},"end":{"line":30,"column":43}},{"start":{"line":30,"column":47},"end":{"line":30,"column":63}}],"line":30},"12":{"loc":{"start":{"line":31,"column":12},"end":{"line":31,"column":36}},"type":"binary-expr","locations":[{"start":{"line":31,"column":12},"end":{"line":31,"column":27}},{"start":{"line":31,"column":31},"end":{"line":31,"column":36}}],"line":31},"13":{"loc":{"start":{"line":32,"column":10},"end":{"line":32,"column":35}},"type":"binary-expr","locations":[{"start":{"line":32,"column":10},"end":{"line":32,"column":23}},{"start":{"line":32,"column":27},"end":{"line":32,"column":35}}],"line":32},"14":{"loc":{"start":{"line":89,"column":15},"end":{"line":89,"column":39}},"type":"binary-expr","locations":[{"start":{"line":89,"column":15},"end":{"line":89,"column":31}},{"start":{"line":89,"column":35},"end":{"line":89,"column":39}}],"line":89},"15":{"loc":{"start":{"line":91,"column":16},"end":{"line":91,"column":42}},"type":"binary-expr","locations":[{"start":{"line":91,"column":16},"end":{"line":91,"column":32}},{"start":{"line":91,"column":36},"end":{"line":91,"column":42}}],"line":91},"16":{"loc":{"start":{"line":92,"column":16},"end":{"line":92,"column":42}},"type":"binary-expr","locations":[{"start":{"line":92,"column":16},"end":{"line":92,"column":32}},{"start":{"line":92,"column":36},"end":{"line":92,"column":42}}],"line":92},"17":{"loc":{"start":{"line":93,"column":12},"end":{"line":93,"column":43}},"type":"binary-expr","locations":[{"start":{"line":93,"column":12},"end":{"line":93,"column":31}},{"start":{"line":93,"column":35},"end":{"line":93,"column":43}}],"line":93},"18":{"loc":{"start":{"line":94,"column":12},"end":{"line":94,"column":38}},"type":"binary-expr","locations":[{"start":{"line":94,"column":12},"end":{"line":94,"column":31}},{"start":{"line":94,"column":35},"end":{"line":94,"column":38}}],"line":94},"19":{"loc":{"start":{"line":95,"column":10},"end":{"line":95,"column":39}},"type":"binary-expr","locations":[{"start":{"line":95,"column":10},"end":{"line":95,"column":27}},{"start":{"line":95,"column":31},"end":{"line":95,"column":39}}],"line":95},"20":{"loc":{"start":{"line":98,"column":16},"end":{"line":98,"column":47}},"type":"binary-expr","locations":[{"start":{"line":98,"column":16},"end":{"line":98,"column":37}},{"start":{"line":98,"column":41},"end":{"line":98,"column":47}}],"line":98},"21":{"loc":{"start":{"line":99,"column":16},"end":{"line":99,"column":47}},"type":"binary-expr","locations":[{"start":{"line":99,"column":16},"end":{"line":99,"column":37}},{"start":{"line":99,"column":41},"end":{"line":99,"column":47}}],"line":99},"22":{"loc":{"start":{"line":100,"column":12},"end":{"line":100,"column":49}},"type":"binary-expr","locations":[{"start":{"line":100,"column":12},"end":{"line":100,"column":36}},{"start":{"line":100,"column":40},"end":{"line":100,"column":49}}],"line":100},"23":{"loc":{"start":{"line":101,"column":12},"end":{"line":101,"column":43}},"type":"binary-expr","locations":[{"start":{"line":101,"column":12},"end":{"line":101,"column":36}},{"start":{"line":101,"column":40},"end":{"line":101,"column":43}}],"line":101},"24":{"loc":{"start":{"line":102,"column":10},"end":{"line":102,"column":44}},"type":"binary-expr","locations":[{"start":{"line":102,"column":10},"end":{"line":102,"column":32}},{"start":{"line":102,"column":36},"end":{"line":102,"column":44}}],"line":102},"25":{"loc":{"start":{"line":104,"column":20},"end":{"line":104,"column":48}},"type":"binary-expr","locations":[{"start":{"line":104,"column":20},"end":{"line":104,"column":41}},{"start":{"line":104,"column":45},"end":{"line":104,"column":48}}],"line":104},"26":{"loc":{"start":{"line":144,"column":44},"end":{"line":144,"column":73}},"type":"default-arg","locations":[{"start":{"line":144,"column":63},"end":{"line":144,"column":73}}],"line":144},"27":{"loc":{"start":{"line":163,"column":35},"end":{"line":163,"column":64}},"type":"default-arg","locations":[{"start":{"line":163,"column":54},"end":{"line":163,"column":64}}],"line":163}},"s":{"0":1,"1":1,"2":1,"3":1,"4":0,"5":0,"6":0,"7":0,"8":0,"9":0,"10":0,"11":0,"12":0,"13":0,"14":0,"15":0,"16":0,"17":0,"18":0,"19":0,"20":0,"21":0,"22":0,"23":0,"24":0,"25":0,"26":0,"27":0,"28":0,"29":0,"30":0,"31":0,"32":0,"33":0,"34":0,"35":0,"36":1,"37":1},"f":{"0":0,"1":0,"2":0,"3":0,"4":0,"5":0,"6":0,"7":0,"8":0,"9":0},"b":{"0":[1,0],"1":[0],"2":[0,0],"3":[0,0],"4":[0,0,0],"5":[0,0,0],"6":[0,0,0,0],"7":[0,0,0,0],"8":[0,0,0,0],"9":[0,0],"10":[0,0],"11":[0,0,0],"12":[0,0],"13":[0,0],"14":[0,0],"15":[0,0],"16":[0,0],"17":[0,0],"18":[0,0],"19":[0,0],"20":[0,0],"21":[0,0],"22":[0,0],"23":[0,0],"24":[0,0],"25":[0,0],"26":[0],"27":[0]},"_coverageSchema":"1a1c01bbd47fc00a2c39e90264f33305004495a9","hash":"a4ea27df76fc4a6f3582d6934af651899fa947e6"}
,"C:\\Users\\55319\\OneDrive\\Documentos\\RIDEFLEET\\src\\drivers\\driverRegistry.js": {"path":"C:\\Users\\55319\\OneDrive\\Documentos\\RIDEFLEET\\src\\drivers\\driverRegistry.js","statementMap":{"0":{"start":{"line":3,"column":13},"end":{"line":3,"column":29}},"1":{"start":{"line":5,"column":17},"end":{"line":101,"column":1}},"2":{"start":{"line":9,"column":21},"end":{"line":12,"column":6}},"3":{"start":{"line":14,"column":4},"end":{"line":14,"column":16}},"4":{"start":{"line":19,"column":21},"end":{"line":23,"column":6}},"5":{"start":{"line":25,"column":4},"end":{"line":25,"column":16}},"6":{"start":{"line":30,"column":21},"end":{"line":33,"column":12}},"7":{"start":{"line":35,"column":4},"end":{"line":35,"column":27}},"8":{"start":{"line":40,"column":17},"end":{"line":40,"column":34}},"9":{"start":{"line":41,"column":19},"end":{"line":41,"column":38}},"10":{"start":{"line":43,"column":4},"end":{"line":45,"column":5}},"11":{"start":{"line":44,"column":6},"end":{"line":44,"column":26}},"12":{"start":{"line":47,"column":19},"end":{"line":49,"column":17}},"13":{"start":{"line":48,"column":21},"end":{"line":48,"column":39}},"14":{"start":{"line":51,"column":21},"end":{"line":56,"column":23}},"15":{"start":{"line":58,"column":4},"end":{"line":58,"column":27}},"16":{"start":{"line":63,"column":19},"end":{"line":65,"column":14}},"17":{"start":{"line":67,"column":21},"end":{"line":72,"column":20}},"18":{"start":{"line":74,"column":4},"end":{"line":76,"column":5}},"19":{"start":{"line":75,"column":6},"end":{"line":75,"column":42}},"20":{"start":{"line":78,"column":4},"end":{"line":78,"column":19}},"21":{"start":{"line":83,"column":21},"end":{"line":87,"column":12}},"22":{"start":{"line":89,"column":4},"end":{"line":89,"column":27}},"23":{"start":{"line":94,"column":4},"end":{"line":97,"column":7}},"24":{"start":{"line":99,"column":4},"end":{"line":99,"column":16}},"25":{"start":{"line":103,"column":0},"end":{"line":120,"column":2}},"26":{"start":{"line":105,"column":18},"end":{"line":105,"column":35}},"27":{"start":{"line":107,"column":2},"end":{"line":119,"column":4}},"28":{"start":{"line":111,"column":11},"end":{"line":111,"column":35}},"29":{"start":{"line":115,"column":11},"end":{"line":115,"column":30}},"30":{"start":{"line":122,"column":0},"end":{"line":122,"column":26}}},"fnMap":{"0":{"name":"(anonymous_0)","decl":{"start":{"line":7,"column":2},"end":{"line":7,"column":3}},"loc":{"start":{"line":7,"column":15},"end":{"line":15,"column":3}},"line":7},"1":{"name":"(anonymous_1)","decl":{"start":{"line":17,"column":2},"end":{"line":17,"column":3}},"loc":{"start":{"line":17,"column":20},"end":{"line":26,"column":3}},"line":17},"2":{"name":"(anonymous_2)","decl":{"start":{"line":28,"column":2},"end":{"line":28,"column":3}},"loc":{"start":{"line":28,"column":16},"end":{"line":36,"column":3}},"line":28},"3":{"name":"(anonymous_3)","decl":{"start":{"line":38,"column":2},"end":{"line":38,"column":3}},"loc":{"start":{"line":38,"column":25},"end":{"line":59,"column":3}},"line":38},"4":{"name":"(anonymous_4)","decl":{"start":{"line":48,"column":11},"end":{"line":48,"column":12}},"loc":{"start":{"line":48,"column":21},"end":{"line":48,"column":39}},"line":48},"5":{"name":"(anonymous_5)","decl":{"start":{"line":61,"column":2},"end":{"line":61,"column":3}},"loc":{"start":{"line":61,"column":39},"end":{"line":79,"column":3}},"line":61},"6":{"name":"(anonymous_6)","decl":{"start":{"line":81,"column":2},"end":{"line":81,"column":3}},"loc":{"start":{"line":81,"column":19},"end":{"line":90,"column":3}},"line":81},"7":{"name":"(anonymous_7)","decl":{"start":{"line":92,"column":2},"end":{"line":92,"column":3}},"loc":{"start":{"line":92,"column":16},"end":{"line":100,"column":3}},"line":92},"8":{"name":"(anonymous_8)","decl":{"start":{"line":103,"column":20},"end":{"line":103,"column":21}},"loc":{"start":{"line":103,"column":38},"end":{"line":120,"column":1}},"line":103},"9":{"name":"(anonymous_9)","decl":{"start":{"line":111,"column":6},"end":{"line":111,"column":7}},"loc":{"start":{"line":111,"column":11},"end":{"line":111,"column":35}},"line":111},"10":{"name":"(anonymous_10)","decl":{"start":{"line":115,"column":6},"end":{"line":115,"column":7}},"loc":{"start":{"line":115,"column":11},"end":{"line":115,"column":30}},"line":115}},"branchMap":{"0":{"loc":{"start":{"line":35,"column":11},"end":{"line":35,"column":26}},"type":"binary-expr","locations":[{"start":{"line":35,"column":11},"end":{"line":35,"column":18}},{"start":{"line":35,"column":22},"end":{"line":35,"column":26}}],"line":35},"1":{"loc":{"start":{"line":43,"column":4},"end":{"line":45,"column":5}},"type":"if","locations":[{"start":{"line":43,"column":4},"end":{"line":45,"column":5}},{"start":{},"end":{}}],"line":43},"2":{"loc":{"start":{"line":58,"column":11},"end":{"line":58,"column":26}},"type":"binary-expr","locations":[{"start":{"line":58,"column":11},"end":{"line":58,"column":18}},{"start":{"line":58,"column":22},"end":{"line":58,"column":26}}],"line":58},"3":{"loc":{"start":{"line":63,"column":19},"end":{"line":65,"column":14}},"type":"cond-expr","locations":[{"start":{"line":64,"column":8},"end":{"line":64,"column":19}},{"start":{"line":65,"column":8},"end":{"line":65,"column":14}}],"line":63},"4":{"loc":{"start":{"line":74,"column":4},"end":{"line":76,"column":5}},"type":"if","locations":[{"start":{"line":74,"column":4},"end":{"line":76,"column":5}},{"start":{},"end":{}}],"line":74},"5":{"loc":{"start":{"line":89,"column":11},"end":{"line":89,"column":26}},"type":"binary-expr","locations":[{"start":{"line":89,"column":11},"end":{"line":89,"column":18}},{"start":{"line":89,"column":22},"end":{"line":89,"column":26}}],"line":89}},"s":{"0":8,"1":8,"2":0,"3":0,"4":1,"5":1,"6":0,"7":0,"8":0,"9":0,"10":0,"11":0,"12":0,"13":0,"14":0,"15":0,"16":5,"17":5,"18":5,"19":0,"20":5,"21":0,"22":0,"23":56,"24":25,"25":8,"26":0,"27":0,"28":0,"29":0,"30":8},"f":{"0":0,"1":1,"2":0,"3":0,"4":0,"5":5,"6":0,"7":56,"8":0,"9":0,"10":0},"b":{"0":[0,0],"1":[0,0],"2":[0,0],"3":[0,5],"4":[0,5],"5":[0,0]},"_coverageSchema":"1a1c01bbd47fc00a2c39e90264f33305004495a9","hash":"51119841e9adcbdeb7b9c231fbadbcb0b26daede"}
,"C:\\Users\\55319\\OneDrive\\Documentos\\RIDEFLEET\\src\\drivers\\driverService.js": {"path":"C:\\Users\\55319\\OneDrive\\Documentos\\RIDEFLEET\\src\\drivers\\driverService.js","statementMap":{"0":{"start":{"line":3,"column":13},"end":{"line":3,"column":29}},"1":{"start":{"line":4,"column":23},"end":{"line":4,"column":50}},"2":{"start":{"line":7,"column":17},"end":{"line":7,"column":37}},"3":{"start":{"line":9,"column":2},"end":{"line":46,"column":3}},"4":{"start":{"line":10,"column":4},"end":{"line":10,"column":32}},"5":{"start":{"line":12,"column":21},"end":{"line":19,"column":6}},"6":{"start":{"line":21,"column":4},"end":{"line":24,"column":5}},"7":{"start":{"line":22,"column":6},"end":{"line":22,"column":37}},"8":{"start":{"line":23,"column":6},"end":{"line":23,"column":18}},"9":{"start":{"line":26,"column":19},"end":{"line":26,"column":26}},"10":{"start":{"line":28,"column":4},"end":{"line":32,"column":20}},"11":{"start":{"line":34,"column":4},"end":{"line":34,"column":33}},"12":{"start":{"line":36,"column":4},"end":{"line":39,"column":6}},"13":{"start":{"line":42,"column":4},"end":{"line":42,"column":35}},"14":{"start":{"line":43,"column":4},"end":{"line":43,"column":14}},"15":{"start":{"line":45,"column":4},"end":{"line":45,"column":21}},"16":{"start":{"line":50,"column":2},"end":{"line":50,"column":50}},"17":{"start":{"line":54,"column":2},"end":{"line":54,"column":32}},"18":{"start":{"line":57,"column":0},"end":{"line":61,"column":2}}},"fnMap":{"0":{"name":"assignDriver","decl":{"start":{"line":6,"column":15},"end":{"line":6,"column":27}},"loc":{"start":{"line":6,"column":36},"end":{"line":47,"column":1}},"line":6},"1":{"name":"releaseDriver","decl":{"start":{"line":49,"column":15},"end":{"line":49,"column":28}},"loc":{"start":{"line":49,"column":33},"end":{"line":51,"column":1}},"line":49},"2":{"name":"reset","decl":{"start":{"line":53,"column":15},"end":{"line":53,"column":20}},"loc":{"start":{"line":53,"column":23},"end":{"line":55,"column":1}},"line":53}},"branchMap":{"0":{"loc":{"start":{"line":21,"column":4},"end":{"line":24,"column":5}},"type":"if","locations":[{"start":{"line":21,"column":4},"end":{"line":24,"column":5}},{"start":{},"end":{}}],"line":21}},"s":{"0":8,"1":8,"2":5,"3":5,"4":5,"5":5,"6":5,"7":2,"8":2,"9":3,"10":3,"11":3,"12":3,"13":0,"14":0,"15":5,"16":0,"17":51,"18":8},"f":{"0":5,"1":0,"2":51},"b":{"0":[2,3]},"_coverageSchema":"1a1c01bbd47fc00a2c39e90264f33305004495a9","hash":"1d85484ddedbb9d9f2fe58576f0344c97699c626"}
,"C:\\Users\\55319\\OneDrive\\Documentos\\RIDEFLEET\\src\\health\\alerts.js": {"path":"C:\\Users\\55319\\OneDrive\\Documentos\\RIDEFLEET\\src\\health\\alerts.js","statementMap":{"0":{"start":{"line":12,"column":26},"end":{"line":12,"column":54}},"1":{"start":{"line":15,"column":28},"end":{"line":15,"column":80}},"2":{"start":{"line":16,"column":29},"end":{"line":16,"column":80}},"3":{"start":{"line":17,"column":28},"end":{"line":17,"column":87}},"4":{"start":{"line":20,"column":22},"end":{"line":20,"column":31}},"5":{"start":{"line":22,"column":22},"end":{"line":22,"column":24}},"6":{"start":{"line":23,"column":20},"end":{"line":23,"column":22}},"7":{"start":{"line":30,"column":20},"end":{"line":30,"column":46}},"8":{"start":{"line":32,"column":2},"end":{"line":32,"column":73}},"9":{"start":{"line":34,"column":16},"end":{"line":40,"column":3}},"10":{"start":{"line":42,"column":2},"end":{"line":42,"column":28}},"11":{"start":{"line":43,"column":2},"end":{"line":43,"column":64}},"12":{"start":{"line":43,"column":42},"end":{"line":43,"column":64}},"13":{"start":{"line":45,"column":2},"end":{"line":51,"column":3}},"14":{"start":{"line":46,"column":4},"end":{"line":50,"column":7}},"15":{"start":{"line":58,"column":2},"end":{"line":66,"column":3}},"16":{"start":{"line":59,"column":4},"end":{"line":59,"column":34}},"17":{"start":{"line":61,"column":4},"end":{"line":65,"column":7}},"18":{"start":{"line":81,"column":4},"end":{"line":83,"column":9}},"19":{"start":{"line":85,"column":2},"end":{"line":98,"column":3}},"20":{"start":{"line":86,"column":4},"end":{"line":95,"column":6}},"21":{"start":{"line":97,"column":4},"end":{"line":97,"column":34}},"22":{"start":{"line":101,"column":2},"end":{"line":110,"column":3}},"23":{"start":{"line":102,"column":4},"end":{"line":107,"column":6}},"24":{"start":{"line":109,"column":4},"end":{"line":109,"column":27}},"25":{"start":{"line":113,"column":2},"end":{"line":126,"column":3}},"26":{"start":{"line":114,"column":4},"end":{"line":123,"column":6}},"27":{"start":{"line":125,"column":4},"end":{"line":125,"column":32}},"28":{"start":{"line":130,"column":4},"end":{"line":131,"column":33}},"29":{"start":{"line":133,"column":2},"end":{"line":146,"column":3}},"30":{"start":{"line":134,"column":4},"end":{"line":143,"column":6}},"31":{"start":{"line":145,"column":4},"end":{"line":145,"column":27}},"32":{"start":{"line":149,"column":2},"end":{"line":166,"column":3}},"33":{"start":{"line":150,"column":20},"end":{"line":150,"column":42}},"34":{"start":{"line":152,"column":4},"end":{"line":165,"column":5}},"35":{"start":{"line":153,"column":6},"end":{"line":162,"column":8}},"36":{"start":{"line":164,"column":6},"end":{"line":164,"column":24}},"37":{"start":{"line":173,"column":17},"end":{"line":173,"column":19}},"38":{"start":{"line":174,"column":2},"end":{"line":176,"column":3}},"39":{"start":{"line":175,"column":4},"end":{"line":175,"column":34}},"40":{"start":{"line":178,"column":2},"end":{"line":182,"column":4}},"41":{"start":{"line":187,"column":22},"end":{"line":187,"column":26}},"42":{"start":{"line":196,"column":2},"end":{"line":196,"column":30}},"43":{"start":{"line":196,"column":23},"end":{"line":196,"column":30}},"44":{"start":{"line":198,"column":1},"end":{"line":206,"column":22}},"45":{"start":{"line":199,"column":2},"end":{"line":205,"column":3}},"46":{"start":{"line":200,"column":16},"end":{"line":200,"column":34}},"47":{"start":{"line":201,"column":4},"end":{"line":201,"column":51}},"48":{"start":{"line":201,"column":44},"end":{"line":201,"column":51}},"49":{"start":{"line":202,"column":4},"end":{"line":202,"column":73}},"50":{"start":{"line":204,"column":4},"end":{"line":204,"column":64}},"51":{"start":{"line":209,"column":2},"end":{"line":209,"column":53}},"52":{"start":{"line":209,"column":29},"end":{"line":209,"column":53}},"53":{"start":{"line":211,"column":2},"end":{"line":211,"column":76}},"54":{"start":{"line":218,"column":2},"end":{"line":221,"column":3}},"55":{"start":{"line":219,"column":4},"end":{"line":219,"column":35}},"56":{"start":{"line":220,"column":4},"end":{"line":220,"column":27}},"57":{"start":{"line":224,"column":0},"end":{"line":232,"column":2}}},"fnMap":{"0":{"name":"_fire","decl":{"start":{"line":29,"column":9},"end":{"line":29,"column":14}},"loc":{"start":{"line":29,"column":64},"end":{"line":52,"column":1}},"line":29},"1":{"name":"_resolve","decl":{"start":{"line":57,"column":9},"end":{"line":57,"column":17}},"loc":{"start":{"line":57,"column":27},"end":{"line":67,"column":1}},"line":57},"2":{"name":"checkAlerts","decl":{"start":{"line":77,"column":9},"end":{"line":77,"column":20}},"loc":{"start":{"line":77,"column":84},"end":{"line":167,"column":1}},"line":77},"3":{"name":"getAlertsSnapshot","decl":{"start":{"line":172,"column":9},"end":{"line":172,"column":26}},"loc":{"start":{"line":172,"column":29},"end":{"line":183,"column":1}},"line":172},"4":{"name":"startAlertLoop","decl":{"start":{"line":195,"column":9},"end":{"line":195,"column":23}},"loc":{"start":{"line":195,"column":36},"end":{"line":212,"column":1}},"line":195},"5":{"name":"(anonymous_5)","decl":{"start":{"line":198,"column":31},"end":{"line":198,"column":32}},"loc":{"start":{"line":198,"column":43},"end":{"line":206,"column":1}},"line":198},"6":{"name":"stopAlertLoop","decl":{"start":{"line":217,"column":9},"end":{"line":217,"column":22}},"loc":{"start":{"line":217,"column":25},"end":{"line":222,"column":1}},"line":217}},"branchMap":{"0":{"loc":{"start":{"line":15,"column":39},"end":{"line":15,"column":79}},"type":"binary-expr","locations":[{"start":{"line":15,"column":39},"end":{"line":15,"column":68}},{"start":{"line":15,"column":74},"end":{"line":15,"column":79}}],"line":15},"1":{"loc":{"start":{"line":16,"column":40},"end":{"line":16,"column":79}},"type":"binary-expr","locations":[{"start":{"line":16,"column":40},"end":{"line":16,"column":68}},{"start":{"line":16,"column":75},"end":{"line":16,"column":79}}],"line":16},"2":{"loc":{"start":{"line":17,"column":37},"end":{"line":17,"column":82}},"type":"binary-expr","locations":[{"start":{"line":17,"column":37},"end":{"line":17,"column":66}},{"start":{"line":17,"column":75},"end":{"line":17,"column":82}}],"line":17},"3":{"loc":{"start":{"line":29,"column":33},"end":{"line":29,"column":47}},"type":"default-arg","locations":[{"start":{"line":29,"column":41},"end":{"line":29,"column":47}}],"line":29},"4":{"loc":{"start":{"line":29,"column":49},"end":{"line":29,"column":62}},"type":"default-arg","locations":[{"start":{"line":29,"column":60},"end":{"line":29,"column":62}}],"line":29},"5":{"loc":{"start":{"line":43,"column":2},"end":{"line":43,"column":64}},"type":"if","locations":[{"start":{"line":43,"column":2},"end":{"line":43,"column":64}},{"start":{},"end":{}}],"line":43},"6":{"loc":{"start":{"line":45,"column":2},"end":{"line":51,"column":3}},"type":"if","locations":[{"start":{"line":45,"column":2},"end":{"line":51,"column":3}},{"start":{},"end":{}}],"line":45},"7":{"loc":{"start":{"line":58,"column":2},"end":{"line":66,"column":3}},"type":"if","locations":[{"start":{"line":58,"column":2},"end":{"line":66,"column":3}},{"start":{},"end":{}}],"line":58},"8":{"loc":{"start":{"line":77,"column":67},"end":{"line":77,"column":82}},"type":"default-arg","locations":[{"start":{"line":77,"column":80},"end":{"line":77,"column":82}}],"line":77},"9":{"loc":{"start":{"line":81,"column":4},"end":{"line":83,"column":9}},"type":"cond-expr","locations":[{"start":{"line":82,"column":8},"end":{"line":82,"column":57}},{"start":{"line":83,"column":8},"end":{"line":83,"column":9}}],"line":81},"10":{"loc":{"start":{"line":85,"column":2},"end":{"line":98,"column":3}},"type":"if","locations":[{"start":{"line":85,"column":2},"end":{"line":98,"column":3}},{"start":{"line":96,"column":9},"end":{"line":98,"column":3}}],"line":85},"11":{"loc":{"start":{"line":101,"column":2},"end":{"line":110,"column":3}},"type":"if","locations":[{"start":{"line":101,"column":2},"end":{"line":110,"column":3}},{"start":{"line":108,"column":9},"end":{"line":110,"column":3}}],"line":101},"12":{"loc":{"start":{"line":113,"column":2},"end":{"line":126,"column":3}},"type":"if","locations":[{"start":{"line":113,"column":2},"end":{"line":126,"column":3}},{"start":{"line":124,"column":9},"end":{"line":126,"column":3}}],"line":113},"13":{"loc":{"start":{"line":113,"column":6},"end":{"line":113,"column":82}},"type":"binary-expr","locations":[{"start":{"line":113,"column":6},"end":{"line":113,"column":32}},{"start":{"line":113,"column":36},"end":{"line":113,"column":82}}],"line":113},"14":{"loc":{"start":{"line":130,"column":4},"end":{"line":131,"column":33}},"type":"binary-expr","locations":[{"start":{"line":130,"column":4},"end":{"line":130,"column":42}},{"start":{"line":131,"column":4},"end":{"line":131,"column":33}}],"line":130},"15":{"loc":{"start":{"line":130,"column":5},"end":{"line":130,"column":35}},"type":"binary-expr","locations":[{"start":{"line":130,"column":5},"end":{"line":130,"column":30}},{"start":{"line":130,"column":34},"end":{"line":130,"column":35}}],"line":130},"16":{"loc":{"start":{"line":133,"column":2},"end":{"line":146,"column":3}},"type":"if","locations":[{"start":{"line":133,"column":2},"end":{"line":146,"column":3}},{"start":{"line":144,"column":9},"end":{"line":146,"column":3}}],"line":133},"17":{"loc":{"start":{"line":152,"column":4},"end":{"line":165,"column":5}},"type":"if","locations":[{"start":{"line":152,"column":4},"end":{"line":165,"column":5}},{"start":{"line":163,"column":11},"end":{"line":165,"column":5}}],"line":152},"18":{"loc":{"start":{"line":196,"column":2},"end":{"line":196,"column":30}},"type":"if","locations":[{"start":{"line":196,"column":2},"end":{"line":196,"column":30}},{"start":{},"end":{}}],"line":196},"19":{"loc":{"start":{"line":201,"column":4},"end":{"line":201,"column":51}},"type":"if","locations":[{"start":{"line":201,"column":4},"end":{"line":201,"column":51}},{"start":{},"end":{}}],"line":201},"20":{"loc":{"start":{"line":201,"column":8},"end":{"line":201,"column":42}},"type":"binary-expr","locations":[{"start":{"line":201,"column":8},"end":{"line":201,"column":12}},{"start":{"line":201,"column":16},"end":{"line":201,"column":26}},{"start":{"line":201,"column":30},"end":{"line":201,"column":42}}],"line":201},"21":{"loc":{"start":{"line":202,"column":40},"end":{"line":202,"column":57}},"type":"binary-expr","locations":[{"start":{"line":202,"column":40},"end":{"line":202,"column":51}},{"start":{"line":202,"column":55},"end":{"line":202,"column":57}}],"line":202},"22":{"loc":{"start":{"line":202,"column":59},"end":{"line":202,"column":71}},"type":"binary-expr","locations":[{"start":{"line":202,"column":59},"end":{"line":202,"column":65}},{"start":{"line":202,"column":69},"end":{"line":202,"column":71}}],"line":202},"23":{"loc":{"start":{"line":209,"column":2},"end":{"line":209,"column":53}},"type":"if","locations":[{"start":{"line":209,"column":2},"end":{"line":209,"column":53}},{"start":{},"end":{}}],"line":209},"24":{"loc":{"start":{"line":218,"column":2},"end":{"line":221,"column":3}},"type":"if","locations":[{"start":{"line":218,"column":2},"end":{"line":221,"column":3}},{"start":{},"end":{}}],"line":218}},"s":{"0":0,"1":0,"2":0,"3":0,"4":0,"5":0,"6":0,"7":0,"8":0,"9":0,"10":0,"11":0,"12":0,"13":0,"14":0,"15":0,"16":0,"17":0,"18":0,"19":0,"20":0,"21":0,"22":0,"23":0,"24":0,"25":0,"26":0,"27":0,"28":0,"29":0,"30":0,"31":0,"32":0,"33":0,"34":0,"35":0,"36":0,"37":0,"38":0,"39":0,"40":0,"41":0,"42":0,"43":0,"44":0,"45":0,"46":0,"47":0,"48":0,"49":0,"50":0,"51":0,"52":0,"53":0,"54":0,"55":0,"56":0,"57":0},"f":{"0":0,"1":0,"2":0,"3":0,"4":0,"5":0,"6":0},"b":{"0":[0,0],"1":[0,0],"2":[0,0],"3":[0],"4":[0],"5":[0,0],"6":[0,0],"7":[0,0],"8":[0],"9":[0,0],"10":[0,0],"11":[0,0],"12":[0,0],"13":[0,0],"14":[0,0],"15":[0,0],"16":[0,0],"17":[0,0],"18":[0,0],"19":[0,0],"20":[0,0,0],"21":[0,0],"22":[0,0],"23":[0,0],"24":[0,0]}}
,"C:\\Users\\55319\\OneDrive\\Documentos\\RIDEFLEET\\src\\health\\health-service.js": {"path":"C:\\Users\\55319\\OneDrive\\Documentos\\RIDEFLEET\\src\\health\\health-service.js","statementMap":{"0":{"start":{"line":11,"column":28},"end":{"line":11,"column":60}},"1":{"start":{"line":14,"column":31},"end":{"line":14,"column":93}},"2":{"start":{"line":15,"column":31},"end":{"line":15,"column":98}},"3":{"start":{"line":16,"column":31},"end":{"line":16,"column":93}},"4":{"start":{"line":26,"column":18},"end":{"line":26,"column":20}},"5":{"start":{"line":27,"column":18},"end":{"line":27,"column":35}},"6":{"start":{"line":31,"column":4},"end":{"line":33,"column":9}},"7":{"start":{"line":35,"column":20},"end":{"line":35,"column":61}},"8":{"start":{"line":37,"column":2},"end":{"line":41,"column":3}},"9":{"start":{"line":38,"column":4},"end":{"line":38,"column":31}},"10":{"start":{"line":39,"column":9},"end":{"line":41,"column":3}},"11":{"start":{"line":40,"column":4},"end":{"line":40,"column":66}},"12":{"start":{"line":44,"column":27},"end":{"line":44,"column":57}},"13":{"start":{"line":45,"column":27},"end":{"line":45,"column":57}},"14":{"start":{"line":48,"column":4},"end":{"line":48,"column":58}},"15":{"start":{"line":50,"column":20},"end":{"line":50,"column":75}},"16":{"start":{"line":52,"column":2},"end":{"line":56,"column":3}},"17":{"start":{"line":53,"column":4},"end":{"line":53,"column":41}},"18":{"start":{"line":54,"column":9},"end":{"line":56,"column":3}},"19":{"start":{"line":55,"column":4},"end":{"line":55,"column":78}},"20":{"start":{"line":59,"column":2},"end":{"line":61,"column":3}},"21":{"start":{"line":60,"column":4},"end":{"line":60,"column":56}},"22":{"start":{"line":66,"column":2},"end":{"line":72,"column":3}},"23":{"start":{"line":67,"column":4},"end":{"line":67,"column":20}},"24":{"start":{"line":68,"column":9},"end":{"line":72,"column":3}},"25":{"start":{"line":69,"column":4},"end":{"line":69,"column":24}},"26":{"start":{"line":71,"column":4},"end":{"line":71,"column":18}},"27":{"start":{"line":74,"column":2},"end":{"line":99,"column":4}},"28":{"start":{"line":102,"column":0},"end":{"line":102,"column":35}}},"fnMap":{"0":{"name":"computeHealth","decl":{"start":{"line":25,"column":9},"end":{"line":25,"column":22}},"loc":{"start":{"line":25,"column":55},"end":{"line":100,"column":1}},"line":25}},"branchMap":{"0":{"loc":{"start":{"line":14,"column":42},"end":{"line":14,"column":92}},"type":"binary-expr","locations":[{"start":{"line":14,"column":42},"end":{"line":14,"column":81}},{"start":{"line":14,"column":87},"end":{"line":14,"column":92}}],"line":14},"1":{"loc":{"start":{"line":15,"column":40},"end":{"line":15,"column":93}},"type":"binary-expr","locations":[{"start":{"line":15,"column":40},"end":{"line":15,"column":78}},{"start":{"line":15,"column":87},"end":{"line":15,"column":93}}],"line":15},"2":{"loc":{"start":{"line":16,"column":42},"end":{"line":16,"column":92}},"type":"binary-expr","locations":[{"start":{"line":16,"column":42},"end":{"line":16,"column":83}},{"start":{"line":16,"column":87},"end":{"line":16,"column":92}}],"line":16},"3":{"loc":{"start":{"line":31,"column":4},"end":{"line":33,"column":9}},"type":"cond-expr","locations":[{"start":{"line":32,"column":8},"end":{"line":32,"column":57}},{"start":{"line":33,"column":8},"end":{"line":33,"column":9}}],"line":31},"4":{"loc":{"start":{"line":35,"column":20},"end":{"line":35,"column":61}},"type":"binary-expr","locations":[{"start":{"line":35,"column":20},"end":{"line":35,"column":40}},{"start":{"line":35,"column":44},"end":{"line":35,"column":61}}],"line":35},"5":{"loc":{"start":{"line":37,"column":2},"end":{"line":41,"column":3}},"type":"if","locations":[{"start":{"line":37,"column":2},"end":{"line":41,"column":3}},{"start":{"line":39,"column":9},"end":{"line":41,"column":3}}],"line":37},"6":{"loc":{"start":{"line":39,"column":9},"end":{"line":41,"column":3}},"type":"if","locations":[{"start":{"line":39,"column":9},"end":{"line":41,"column":3}},{"start":{},"end":{}}],"line":39},"7":{"loc":{"start":{"line":44,"column":27},"end":{"line":44,"column":57}},"type":"binary-expr","locations":[{"start":{"line":44,"column":27},"end":{"line":44,"column":48}},{"start":{"line":44,"column":56},"end":{"line":44,"column":57}}],"line":44},"8":{"loc":{"start":{"line":45,"column":27},"end":{"line":45,"column":57}},"type":"binary-expr","locations":[{"start":{"line":45,"column":27},"end":{"line":45,"column":52}},{"start":{"line":45,"column":56},"end":{"line":45,"column":57}}],"line":45},"9":{"loc":{"start":{"line":48,"column":4},"end":{"line":48,"column":58}},"type":"cond-expr","locations":[{"start":{"line":48,"column":23},"end":{"line":48,"column":54}},{"start":{"line":48,"column":57},"end":{"line":48,"column":58}}],"line":48},"10":{"loc":{"start":{"line":50,"column":20},"end":{"line":50,"column":75}},"type":"binary-expr","locations":[{"start":{"line":50,"column":20},"end":{"line":50,"column":42}},{"start":{"line":50,"column":46},"end":{"line":50,"column":75}}],"line":50},"11":{"loc":{"start":{"line":52,"column":2},"end":{"line":56,"column":3}},"type":"if","locations":[{"start":{"line":52,"column":2},"end":{"line":56,"column":3}},{"start":{"line":54,"column":9},"end":{"line":56,"column":3}}],"line":52},"12":{"loc":{"start":{"line":54,"column":9},"end":{"line":56,"column":3}},"type":"if","locations":[{"start":{"line":54,"column":9},"end":{"line":56,"column":3}},{"start":{},"end":{}}],"line":54},"13":{"loc":{"start":{"line":59,"column":2},"end":{"line":61,"column":3}},"type":"if","locations":[{"start":{"line":59,"column":2},"end":{"line":61,"column":3}},{"start":{},"end":{}}],"line":59},"14":{"loc":{"start":{"line":66,"column":2},"end":{"line":72,"column":3}},"type":"if","locations":[{"start":{"line":66,"column":2},"end":{"line":72,"column":3}},{"start":{"line":68,"column":9},"end":{"line":72,"column":3}}],"line":66},"15":{"loc":{"start":{"line":66,"column":6},"end":{"line":66,"column":28}},"type":"binary-expr","locations":[{"start":{"line":66,"column":6},"end":{"line":66,"column":15}},{"start":{"line":66,"column":19},"end":{"line":66,"column":28}}],"line":66},"16":{"loc":{"start":{"line":68,"column":9},"end":{"line":72,"column":3}},"type":"if","locations":[{"start":{"line":68,"column":9},"end":{"line":72,"column":3}},{"start":{"line":70,"column":9},"end":{"line":72,"column":3}}],"line":68},"17":{"loc":{"start":{"line":88,"column":19},"end":{"line":88,"column":44}},"type":"binary-expr","locations":[{"start":{"line":88,"column":19},"end":{"line":88,"column":39}},{"start":{"line":88,"column":43},"end":{"line":88,"column":44}}],"line":88}},"s":{"0":0,"1":0,"2":0,"3":0,"4":0,"5":0,"6":0,"7":0,"8":0,"9":0,"10":0,"11":0,"12":0,"13":0,"14":0,"15":0,"16":0,"17":0,"18":0,"19":0,"20":0,"21":0,"22":0,"23":0,"24":0,"25":0,"26":0,"27":0,"28":0},"f":{"0":0},"b":{"0":[0,0],"1":[0,0],"2":[0,0],"3":[0,0],"4":[0,0],"5":[0,0],"6":[0,0],"7":[0,0],"8":[0,0],"9":[0,0],"10":[0,0],"11":[0,0],"12":[0,0],"13":[0,0],"14":[0,0],"15":[0,0],"16":[0,0],"17":[0,0]}}
,"C:\\Users\\55319\\OneDrive\\Documentos\\RIDEFLEET\\src\\locks\\distributed-lock.js": {"path":"C:\\Users\\55319\\OneDrive\\Documentos\\RIDEFLEET\\src\\locks\\distributed-lock.js","statementMap":{"0":{"start":{"line":3,"column":26},"end":{"line":3,"column":54}},"1":{"start":{"line":7,"column":4},"end":{"line":7,"column":23}},"2":{"start":{"line":8,"column":4},"end":{"line":8,"column":27}},"3":{"start":{"line":12,"column":16},"end":{"line":12,"column":26}},"4":{"start":{"line":13,"column":20},"end":{"line":13,"column":44}},"5":{"start":{"line":15,"column":4},"end":{"line":31,"column":5}},"6":{"start":{"line":16,"column":22},"end":{"line":16,"column":51}},"7":{"start":{"line":18,"column":6},"end":{"line":23,"column":7}},"8":{"start":{"line":19,"column":8},"end":{"line":22,"column":10}},"9":{"start":{"line":25,"column":6},"end":{"line":30,"column":7}},"10":{"start":{"line":26,"column":8},"end":{"line":29,"column":10}},"11":{"start":{"line":33,"column":4},"end":{"line":36,"column":7}},"12":{"start":{"line":38,"column":4},"end":{"line":42,"column":7}},"13":{"start":{"line":44,"column":4},"end":{"line":47,"column":6}},"14":{"start":{"line":51,"column":20},"end":{"line":51,"column":44}},"15":{"start":{"line":53,"column":4},"end":{"line":53,"column":31}},"16":{"start":{"line":53,"column":18},"end":{"line":53,"column":31}},"17":{"start":{"line":54,"column":4},"end":{"line":54,"column":46}},"18":{"start":{"line":54,"column":33},"end":{"line":54,"column":46}},"19":{"start":{"line":56,"column":4},"end":{"line":56,"column":32}},"20":{"start":{"line":58,"column":4},"end":{"line":62,"column":7}},"21":{"start":{"line":64,"column":4},"end":{"line":64,"column":16}},"22":{"start":{"line":71,"column":16},"end":{"line":71,"column":26}},"23":{"start":{"line":72,"column":18},"end":{"line":72,"column":20}},"24":{"start":{"line":74,"column":4},"end":{"line":86,"column":5}},"25":{"start":{"line":75,"column":18},"end":{"line":75,"column":31}},"26":{"start":{"line":76,"column":22},"end":{"line":76,"column":38}},"27":{"start":{"line":78,"column":6},"end":{"line":85,"column":9}},"28":{"start":{"line":88,"column":4},"end":{"line":88,"column":17}},"29":{"start":{"line":92,"column":4},"end":{"line":92,"column":23}},"30":{"start":{"line":97,"column":15},"end":{"line":97,"column":38}},"31":{"start":{"line":98,"column":20},"end":{"line":98,"column":74}},"32":{"start":{"line":100,"column":0},"end":{"line":100,"column":57}}},"fnMap":{"0":{"name":"(anonymous_0)","decl":{"start":{"line":6,"column":2},"end":{"line":6,"column":3}},"loc":{"start":{"line":6,"column":28},"end":{"line":9,"column":3}},"line":6},"1":{"name":"(anonymous_1)","decl":{"start":{"line":11,"column":2},"end":{"line":11,"column":3}},"loc":{"start":{"line":11,"column":27},"end":{"line":48,"column":3}},"line":11},"2":{"name":"(anonymous_2)","decl":{"start":{"line":50,"column":2},"end":{"line":50,"column":3}},"loc":{"start":{"line":50,"column":27},"end":{"line":65,"column":3}},"line":50},"3":{"name":"(anonymous_3)","decl":{"start":{"line":70,"column":2},"end":{"line":70,"column":3}},"loc":{"start":{"line":70,"column":13},"end":{"line":89,"column":3}},"line":70},"4":{"name":"(anonymous_4)","decl":{"start":{"line":91,"column":2},"end":{"line":91,"column":3}},"loc":{"start":{"line":91,"column":10},"end":{"line":93,"column":3}},"line":91}},"branchMap":{"0":{"loc":{"start":{"line":6,"column":14},"end":{"line":6,"column":26}},"type":"default-arg","locations":[{"start":{"line":6,"column":22},"end":{"line":6,"column":26}}],"line":6},"1":{"loc":{"start":{"line":15,"column":4},"end":{"line":31,"column":5}},"type":"if","locations":[{"start":{"line":15,"column":4},"end":{"line":31,"column":5}},{"start":{},"end":{}}],"line":15},"2":{"loc":{"start":{"line":18,"column":6},"end":{"line":23,"column":7}},"type":"if","locations":[{"start":{"line":18,"column":6},"end":{"line":23,"column":7}},{"start":{},"end":{}}],"line":18},"3":{"loc":{"start":{"line":18,"column":10},"end":{"line":18,"column":45}},"type":"binary-expr","locations":[{"start":{"line":18,"column":10},"end":{"line":18,"column":18}},{"start":{"line":18,"column":22},"end":{"line":18,"column":45}}],"line":18},"4":{"loc":{"start":{"line":25,"column":6},"end":{"line":30,"column":7}},"type":"if","locations":[{"start":{"line":25,"column":6},"end":{"line":30,"column":7}},{"start":{},"end":{}}],"line":25},"5":{"loc":{"start":{"line":25,"column":10},"end":{"line":25,"column":45}},"type":"binary-expr","locations":[{"start":{"line":25,"column":10},"end":{"line":25,"column":18}},{"start":{"line":25,"column":22},"end":{"line":25,"column":45}}],"line":25},"6":{"loc":{"start":{"line":53,"column":4},"end":{"line":53,"column":31}},"type":"if","locations":[{"start":{"line":53,"column":4},"end":{"line":53,"column":31}},{"start":{},"end":{}}],"line":53},"7":{"loc":{"start":{"line":54,"column":4},"end":{"line":54,"column":46}},"type":"if","locations":[{"start":{"line":54,"column":4},"end":{"line":54,"column":46}},{"start":{},"end":{}}],"line":54},"8":{"loc":{"start":{"line":98,"column":47},"end":{"line":98,"column":73}},"type":"binary-expr","locations":[{"start":{"line":98,"column":47},"end":{"line":98,"column":65}},{"start":{"line":98,"column":69},"end":{"line":98,"column":73}}],"line":98}},"s":{"0":10,"1":20,"2":20,"3":12,"4":12,"5":12,"6":3,"7":3,"8":2,"9":1,"10":0,"11":10,"12":10,"13":10,"14":2,"15":2,"16":0,"17":2,"18":1,"19":1,"20":1,"21":1,"22":0,"23":0,"24":0,"25":0,"26":0,"27":0,"28":0,"29":0,"30":10,"31":10,"32":10},"f":{"0":20,"1":12,"2":2,"3":0,"4":0},"b":{"0":[0],"1":[3,9],"2":[2,1],"3":[3,2],"4":[0,1],"5":[1,0],"6":[0,2],"7":[1,1],"8":[10,0]},"_coverageSchema":"1a1c01bbd47fc00a2c39e90264f33305004495a9","hash":"ed9c4ff7425ea67ad8d762a4aafe455eeee0f4f4"}
,"C:\\Users\\55319\\OneDrive\\Documentos\\RIDEFLEET\\src\\logging\\logger.js": {"path":"C:\\Users\\55319\\OneDrive\\Documentos\\RIDEFLEET\\src\\logging\\logger.js","statementMap":{"0":{"start":{"line":3,"column":21},"end":{"line":3,"column":62}},"1":{"start":{"line":14,"column":27},"end":{"line":14,"column":31}},"2":{"start":{"line":16,"column":4},"end":{"line":23,"column":5}},"3":{"start":{"line":17,"column":8},"end":{"line":20,"column":14}},"4":{"start":{"line":22,"column":8},"end":{"line":22,"column":32}},"5":{"start":{"line":25,"column":16},"end":{"line":39,"column":5}},"6":{"start":{"line":41,"column":4},"end":{"line":41,"column":37}},"7":{"start":{"line":44,"column":0},"end":{"line":44,"column":35}}},"fnMap":{"0":{"name":"structuredLog","decl":{"start":{"line":5,"column":9},"end":{"line":5,"column":22}},"loc":{"start":{"line":13,"column":3},"end":{"line":42,"column":1}},"line":13}},"branchMap":{"0":{"loc":{"start":{"line":6,"column":4},"end":{"line":6,"column":18}},"type":"default-arg","locations":[{"start":{"line":6,"column":12},"end":{"line":6,"column":18}}],"line":6},"1":{"loc":{"start":{"line":8,"column":4},"end":{"line":8,"column":21}},"type":"default-arg","locations":[{"start":{"line":8,"column":17},"end":{"line":8,"column":21}}],"line":8},"2":{"loc":{"start":{"line":9,"column":4},"end":{"line":9,"column":56}},"type":"default-arg","locations":[{"start":{"line":9,"column":21},"end":{"line":9,"column":56}}],"line":9},"3":{"loc":{"start":{"line":9,"column":21},"end":{"line":9,"column":56}},"type":"binary-expr","locations":[{"start":{"line":9,"column":21},"end":{"line":9,"column":43}},{"start":{"line":9,"column":47},"end":{"line":9,"column":56}}],"line":9},"4":{"loc":{"start":{"line":10,"column":4},"end":{"line":10,"column":26}},"type":"default-arg","locations":[{"start":{"line":10,"column":22},"end":{"line":10,"column":26}}],"line":10},"5":{"loc":{"start":{"line":11,"column":4},"end":{"line":11,"column":22}},"type":"default-arg","locations":[{"start":{"line":11,"column":18},"end":{"line":11,"column":22}}],"line":11},"6":{"loc":{"start":{"line":12,"column":4},"end":{"line":12,"column":17}},"type":"default-arg","locations":[{"start":{"line":12,"column":15},"end":{"line":12,"column":17}}],"line":12}},"s":{"0":14,"1":16,"2":16,"3":16,"4":0,"5":16,"6":16,"7":14},"f":{"0":16},"b":{"0":[0],"1":[16],"2":[16],"3":[16,0],"4":[16],"5":[16],"6":[0]},"_coverageSchema":"1a1c01bbd47fc00a2c39e90264f33305004495a9","hash":"616dd50765100a2813a41b6d4c56f814746a5192"}
,"C:\\Users\\55319\\OneDrive\\Documentos\\RIDEFLEET\\src\\logical-clock\\lamport-clock.js": {"path":"C:\\Users\\55319\\OneDrive\\Documentos\\RIDEFLEET\\src\\logical-clock\\lamport-clock.js","statementMap":{"0":{"start":{"line":12,"column":4},"end":{"line":12,"column":31}},"1":{"start":{"line":13,"column":4},"end":{"line":13,"column":18}},"2":{"start":{"line":15,"column":4},"end":{"line":15,"column":19}},"3":{"start":{"line":20,"column":4},"end":{"line":20,"column":19}},"4":{"start":{"line":21,"column":18},"end":{"line":27,"column":5}},"5":{"start":{"line":28,"column":4},"end":{"line":28,"column":26}},"6":{"start":{"line":29,"column":4},"end":{"line":29,"column":17}},"7":{"start":{"line":37,"column":4},"end":{"line":37,"column":52}},"8":{"start":{"line":38,"column":18},"end":{"line":45,"column":5}},"9":{"start":{"line":46,"column":4},"end":{"line":46,"column":26}},"10":{"start":{"line":47,"column":4},"end":{"line":47,"column":17}},"11":{"start":{"line":52,"column":4},"end":{"line":52,"column":21}},"12":{"start":{"line":60,"column":4},"end":{"line":62,"column":35}},"13":{"start":{"line":61,"column":19},"end":{"line":61,"column":59}},"14":{"start":{"line":62,"column":22},"end":{"line":62,"column":33}},"15":{"start":{"line":67,"column":4},"end":{"line":67,"column":54}},"16":{"start":{"line":67,"column":41},"end":{"line":67,"column":52}},"17":{"start":{"line":72,"column":16},"end":{"line":72,"column":20}},"18":{"start":{"line":74,"column":2},"end":{"line":74,"column":58}},"19":{"start":{"line":74,"column":18},"end":{"line":74,"column":58}},"20":{"start":{"line":75,"column":2},"end":{"line":75,"column":19}},"21":{"start":{"line":78,"column":0},"end":{"line":78,"column":44}}},"fnMap":{"0":{"name":"(anonymous_0)","decl":{"start":{"line":11,"column":2},"end":{"line":11,"column":3}},"loc":{"start":{"line":11,"column":25},"end":{"line":16,"column":3}},"line":11},"1":{"name":"(anonymous_1)","decl":{"start":{"line":19,"column":2},"end":{"line":19,"column":3}},"loc":{"start":{"line":19,"column":32},"end":{"line":30,"column":3}},"line":19},"2":{"name":"(anonymous_2)","decl":{"start":{"line":36,"column":2},"end":{"line":36,"column":3}},"loc":{"start":{"line":36,"column":47},"end":{"line":48,"column":3}},"line":36},"3":{"name":"(anonymous_3)","decl":{"start":{"line":51,"column":2},"end":{"line":51,"column":3}},"loc":{"start":{"line":51,"column":8},"end":{"line":53,"column":3}},"line":51},"4":{"name":"(anonymous_4)","decl":{"start":{"line":59,"column":2},"end":{"line":59,"column":3}},"loc":{"start":{"line":59,"column":23},"end":{"line":63,"column":3}},"line":59},"5":{"name":"(anonymous_5)","decl":{"start":{"line":61,"column":14},"end":{"line":61,"column":15}},"loc":{"start":{"line":61,"column":19},"end":{"line":61,"column":59}},"line":61},"6":{"name":"(anonymous_6)","decl":{"start":{"line":62,"column":12},"end":{"line":62,"column":13}},"loc":{"start":{"line":62,"column":22},"end":{"line":62,"column":33}},"line":62},"7":{"name":"(anonymous_7)","decl":{"start":{"line":66,"column":2},"end":{"line":66,"column":3}},"loc":{"start":{"line":66,"column":15},"end":{"line":68,"column":3}},"line":66},"8":{"name":"(anonymous_8)","decl":{"start":{"line":67,"column":31},"end":{"line":67,"column":32}},"loc":{"start":{"line":67,"column":41},"end":{"line":67,"column":52}},"line":67},"9":{"name":"getClock","decl":{"start":{"line":73,"column":9},"end":{"line":73,"column":17}},"loc":{"start":{"line":73,"column":29},"end":{"line":76,"column":1}},"line":73}},"branchMap":{"0":{"loc":{"start":{"line":19,"column":18},"end":{"line":19,"column":30}},"type":"default-arg","locations":[{"start":{"line":19,"column":28},"end":{"line":19,"column":30}}],"line":19},"1":{"loc":{"start":{"line":36,"column":33},"end":{"line":36,"column":45}},"type":"default-arg","locations":[{"start":{"line":36,"column":43},"end":{"line":36,"column":45}}],"line":36},"2":{"loc":{"start":{"line":61,"column":19},"end":{"line":61,"column":59}},"type":"binary-expr","locations":[{"start":{"line":61,"column":19},"end":{"line":61,"column":28}},{"start":{"line":61,"column":32},"end":{"line":61,"column":59}}],"line":61},"3":{"loc":{"start":{"line":74,"column":2},"end":{"line":74,"column":58}},"type":"if","locations":[{"start":{"line":74,"column":2},"end":{"line":74,"column":58}},{"start":{},"end":{}}],"line":74}},"s":{"0":23,"1":23,"2":23,"3":48,"4":48,"5":48,"6":48,"7":2,"8":2,"9":2,"10":2,"11":1,"12":1,"13":3,"14":1,"15":0,"16":0,"17":23,"18":39,"19":18,"20":39,"21":23},"f":{"0":23,"1":48,"2":2,"3":1,"4":1,"5":3,"6":1,"7":0,"8":0,"9":39},"b":{"0":[6],"1":[2],"2":[3,3],"3":[18,21]},"_coverageSchema":"1a1c01bbd47fc00a2c39e90264f33305004495a9","hash":"4adfebbc2794cc5ff8dfb1055a14fccdb301adec"}
,"C:\\Users\\55319\\OneDrive\\Documentos\\RIDEFLEET\\src\\logical-clock\\saga\\ride-saga.js": {"path":"C:\\Users\\55319\\OneDrive\\Documentos\\RIDEFLEET\\src\\logical-clock\\saga\\ride-saga.js","statementMap":{"0":{"start":{"line":4,"column":23},"end":{"line":4,"column":38}},"1":{"start":{"line":5,"column":21},"end":{"line":5,"column":62}},"2":{"start":{"line":6,"column":20},"end":{"line":6,"column":52}},"3":{"start":{"line":7,"column":15},"end":{"line":7,"column":38}},"4":{"start":{"line":9,"column":19},"end":{"line":17,"column":1}},"5":{"start":{"line":19,"column":24},"end":{"line":22,"column":2}},"6":{"start":{"line":26,"column":4},"end":{"line":26,"column":28}},"7":{"start":{"line":31,"column":4},"end":{"line":31,"column":83}},"8":{"start":{"line":39,"column":18},"end":{"line":39,"column":44}},"9":{"start":{"line":40,"column":4},"end":{"line":40,"column":74}},"10":{"start":{"line":42,"column":18},"end":{"line":42,"column":66}},"11":{"start":{"line":44,"column":17},"end":{"line":58,"column":5}},"12":{"start":{"line":60,"column":4},"end":{"line":60,"column":34}},"13":{"start":{"line":61,"column":4},"end":{"line":61,"column":68}},"14":{"start":{"line":62,"column":4},"end":{"line":62,"column":16}},"15":{"start":{"line":67,"column":4},"end":{"line":73,"column":7}},"16":{"start":{"line":78,"column":4},"end":{"line":80,"column":6}},"17":{"start":{"line":79,"column":13},"end":{"line":79,"column":42}},"18":{"start":{"line":85,"column":15},"end":{"line":85,"column":38}},"19":{"start":{"line":87,"column":2},"end":{"line":87,"column":25}},"20":{"start":{"line":87,"column":13},"end":{"line":87,"column":25}},"21":{"start":{"line":89,"column":18},"end":{"line":89,"column":54}},"22":{"start":{"line":91,"column":2},"end":{"line":99,"column":3}},"23":{"start":{"line":92,"column":4},"end":{"line":96,"column":5}},"24":{"start":{"line":93,"column":6},"end":{"line":95,"column":8}},"25":{"start":{"line":98,"column":4},"end":{"line":98,"column":16}},"26":{"start":{"line":101,"column":16},"end":{"line":101,"column":42}},"27":{"start":{"line":103,"column":16},"end":{"line":106,"column":4}},"28":{"start":{"line":108,"column":2},"end":{"line":108,"column":24}},"29":{"start":{"line":110,"column":2},"end":{"line":110,"column":29}},"30":{"start":{"line":112,"column":2},"end":{"line":117,"column":5}},"31":{"start":{"line":119,"column":2},"end":{"line":121,"column":5}},"32":{"start":{"line":123,"column":2},"end":{"line":123,"column":14}},"33":{"start":{"line":127,"column":17},"end":{"line":127,"column":40}},"34":{"start":{"line":128,"column":4},"end":{"line":128,"column":27}},"35":{"start":{"line":128,"column":15},"end":{"line":128,"column":27}},"36":{"start":{"line":130,"column":18},"end":{"line":130,"column":44}},"37":{"start":{"line":131,"column":18},"end":{"line":131,"column":69}},"38":{"start":{"line":133,"column":4},"end":{"line":133,"column":41}},"39":{"start":{"line":134,"column":4},"end":{"line":139,"column":7}},"40":{"start":{"line":141,"column":4},"end":{"line":145,"column":12}},"41":{"start":{"line":142,"column":6},"end":{"line":144,"column":7}},"42":{"start":{"line":143,"column":8},"end":{"line":143,"column":66}},"43":{"start":{"line":147,"column":4},"end":{"line":147,"column":46}},"44":{"start":{"line":148,"column":4},"end":{"line":148,"column":16}},"45":{"start":{"line":152,"column":4},"end":{"line":152,"column":43}},"46":{"start":{"line":156,"column":4},"end":{"line":156,"column":44}},"47":{"start":{"line":162,"column":18},"end":{"line":162,"column":44}},"48":{"start":{"line":163,"column":19},"end":{"line":163,"column":27}},"49":{"start":{"line":164,"column":18},"end":{"line":164,"column":69}},"50":{"start":{"line":166,"column":17},"end":{"line":179,"column":5}},"51":{"start":{"line":181,"column":4},"end":{"line":181,"column":34}},"52":{"start":{"line":182,"column":4},"end":{"line":182,"column":68}},"53":{"start":{"line":183,"column":4},"end":{"line":183,"column":84}},"54":{"start":{"line":184,"column":4},"end":{"line":184,"column":16}},"55":{"start":{"line":188,"column":16},"end":{"line":196,"column":5}},"56":{"start":{"line":197,"column":4},"end":{"line":197,"column":35}},"57":{"start":{"line":201,"column":17},"end":{"line":201,"column":31}},"58":{"start":{"line":202,"column":0},"end":{"line":202,"column":52}}},"fnMap":{"0":{"name":"(anonymous_0)","decl":{"start":{"line":25,"column":2},"end":{"line":25,"column":3}},"loc":{"start":{"line":25,"column":16},"end":{"line":27,"column":3}},"line":25},"1":{"name":"(anonymous_1)","decl":{"start":{"line":30,"column":2},"end":{"line":30,"column":3}},"loc":{"start":{"line":30,"column":52},"end":{"line":32,"column":3}},"line":30},"2":{"name":"(anonymous_2)","decl":{"start":{"line":38,"column":2},"end":{"line":38,"column":3}},"loc":{"start":{"line":38,"column":91},"end":{"line":63,"column":3}},"line":38},"3":{"name":"(anonymous_3)","decl":{"start":{"line":66,"column":2},"end":{"line":66,"column":3}},"loc":{"start":{"line":66,"column":58},"end":{"line":74,"column":3}},"line":66},"4":{"name":"(anonymous_4)","decl":{"start":{"line":77,"column":2},"end":{"line":77,"column":3}},"loc":{"start":{"line":77,"column":14},"end":{"line":81,"column":3}},"line":77},"5":{"name":"(anonymous_5)","decl":{"start":{"line":79,"column":6},"end":{"line":79,"column":7}},"loc":{"start":{"line":79,"column":13},"end":{"line":79,"column":42}},"line":79},"6":{"name":"(anonymous_6)","decl":{"start":{"line":84,"column":0},"end":{"line":84,"column":1}},"loc":{"start":{"line":84,"column":41},"end":{"line":124,"column":1}},"line":84},"7":{"name":"(anonymous_7)","decl":{"start":{"line":126,"column":2},"end":{"line":126,"column
[...]
{"start":{"line":72,"column":49},"end":{"line":72,"column":73}},{"start":{"line":72,"column":77},"end":{"line":72,"column":89}},{"start":{"line":72,"column":93},"end":{"line":72,"column":108}}],"line":72},"6":{"loc":{"start":{"line":77,"column":4},"end":{"line":79,"column":5}},"type":"if","locations":[{"start":{"line":77,"column":4},"end":{"line":79,"column":5}},{"start":{},"end":{}}],"line":77},"7":{"loc":{"start":{"line":89,"column":4},"end":{"line":94,"column":5}},"type":"if","locations":[{"start":{"line":89,"column":4},"end":{"line":94,"column":5}},{"start":{},"end":{}}],"line":89},"8":{"loc":{"start":{"line":137,"column":22},"end":{"line":137,"column":61}},"type":"binary-expr","locations":[{"start":{"line":137,"column":22},"end":{"line":137,"column":51}},{"start":{"line":137,"column":55},"end":{"line":137,"column":61}}],"line":137},"9":{"loc":{"start":{"line":138,"column":22},"end":{"line":138,"column":66}},"type":"binary-expr","locations":[{"start":{"line":138,"column":22},"end":{"line":138,"column":52}},{"start":{"line":138,"column":56},"end":{"line":138,"column":66}}],"line":138},"10":{"loc":{"start":{"line":161,"column":78},"end":{"line":161,"column":111}},"type":"binary-expr","locations":[{"start":{"line":161,"column":78},"end":{"line":161,"column":96}},{"start":{"line":161,"column":100},"end":{"line":161,"column":111}}],"line":161},"11":{"loc":{"start":{"line":170,"column":82},"end":{"line":170,"column":115}},"type":"binary-expr","locations":[{"start":{"line":170,"column":82},"end":{"line":170,"column":100}},{"start":{"line":170,"column":104},"end":{"line":170,"column":115}}],"line":170},"12":{"loc":{"start":{"line":179,"column":82},"end":{"line":179,"column":115}},"type":"binary-expr","locations":[{"start":{"line":179,"column":82},"end":{"line":179,"column":100}},{"start":{"line":179,"column":104},"end":{"line":179,"column":115}}],"line":179},"13":{"loc":{"start":{"line":188,"column":79},"end":{"line":188,"column":112}},"type":"binary-expr","locations":[{"start":{"line":188,"column":79},"end":{"line":188,"column":97}},{"start":{"line":188,"column":101},"end":{"line":188,"column":112}}],"line":188},"14":{"loc":{"start":{"line":195,"column":83},"end":{"line":195,"column":113}},"type":"binary-expr","locations":[{"start":{"line":195,"column":83},"end":{"line":195,"column":99}},{"start":{"line":195,"column":103},"end":{"line":195,"column":113}}],"line":195},"15":{"loc":{"start":{"line":198,"column":79},"end":{"line":198,"column":112}},"type":"binary-expr","locations":[{"start":{"line":198,"column":79},"end":{"line":198,"column":97}},{"start":{"line":198,"column":101},"end":{"line":198,"column":112}}],"line":198},"16":{"loc":{"start":{"line":207,"column":82},"end":{"line":207,"column":115}},"type":"binary-expr","locations":[{"start":{"line":207,"column":82},"end":{"line":207,"column":100}},{"start":{"line":207,"column":104},"end":{"line":207,"column":115}}],"line":207},"17":{"loc":{"start":{"line":223,"column":2},"end":{"line":223,"column":78}},"type":"if","locations":[{"start":{"line":223,"column":2},"end":{"line":223,"column":78}},{"start":{},"end":{}}],"line":223},"18":{"loc":{"start":{"line":233,"column":2},"end":{"line":233,"column":100}},"type":"if","locations":[{"start":{"line":233,"column":2},"end":{"line":233,"column":100}},{"start":{},"end":{}}],"line":233},"19":{"loc":{"start":{"line":245,"column":2},"end":{"line":251,"column":3}},"type":"if","locations":[{"start":{"line":245,"column":2},"end":{"line":251,"column":3}},{"start":{},"end":{}}],"line":245},"20":{"loc":{"start":{"line":248,"column":22},"end":{"line":248,"column":61}},"type":"binary-expr","locations":[{"start":{"line":248,"column":22},"end":{"line":248,"column":36}},{"start":{"line":248,"column":40},"end":{"line":248,"column":61}}],"line":248},"21":{"loc":{"start":{"line":256,"column":2},"end":{"line":258,"column":3}},"type":"if","locations":[{"start":{"line":256,"column":2},"end":{"line":258,"column":3}},{"start":{},"end":{}}],"line":256},"22":{"loc":{"start":{"line":315,"column":2},"end":{"line":315,"column":20}},"type":"if","locations":[{"start":{"line":315,"column":2},"end":{"line":315,"column":20}},{"start":{},"end":{}}],"line":315},"23":{"loc":{"start":{"line":318,"column":2},"end":{"line":318,"column":32}},"type":"if","locations":[{"start":{"line":318,"column":2},"end":{"line":318,"column":32}},{"start":{},"end":{}}],"line":318},"24":{"loc":{"start":{"line":321,"column":4},"end":{"line":321,"column":52}},"type":"if","locations":[{"start":{"line":321,"column":4},"end":{"line":321,"column":52}},{"start":{},"end":{}}],"line":321},"25":{"loc":{"start":{"line":326,"column":6},"end":{"line":329,"column":7}},"type":"if","locations":[{"start":{"line":326,"column":6},"end":{"line":329,"column":7}},{"start":{},"end":{}}],"line":326},"26":{"loc":{"start":{"line":330,"column":6},"end":{"line":333,"column":7}},"type":"if","locations":[{"start":{"line":330,"column":6},"end":{"line":333,"column":7}},{"start":{},"end":{}}],"line":330},"27":{"loc":{"start":{"line":336,"column":6},"end":{"line":339,"column":7}},"type":"if","locations":[{"start":{"line":336,"column":6},"end":{"line":339,"column":7}},{"start":{},"end":{}}],"line":336},"28":{"loc":{"start":{"line":343,"column":6},"end":{"line":353,"column":7}},"type":"if","locations":[{"start":{"line":343,"column":6},"end":{"line":353,"column":7}},{"start":{},"end":{}}],"line":343},"29":{"loc":{"start":{"line":350,"column":8},"end":{"line":352,"column":9}},"type":"if","locations":[{"start":{"line":350,"column":8},"end":{"line":352,"column":9}},{"start":{},"end":{}}],"line":350},"30":{"loc":{"start":{"line":367,"column":2},"end":{"line":367,"column":79}},"type":"if","locations":[{"start":{"line":367,"column":2},"end":{"line":367,"column":79}},{"start":{},"end":{}}],"line":367}},"s":{"0":0,"1":0,"2":0,"3":0,"4":0,"5":0,"6":0,"7":0,"8":0,"9":0,"10":0,"11":0,"12":0,"13":0,"14":0,"15":0,"16":0,"17":0,"18":0,"19":0,"20":0,"21":0,"22":0,"23":0,"24":0,"25":0,"26":0,"27":0,"28":0,"29":0,"30":0,"31":0,"32":0,"33":0,"34":0,"35":0,"36":0,"37":0,"38":0,"39":0,"40":0,"41":0,"42":0,"43":0,"44":0,"45":0,"46":0,"47":0,"48":0,"49":0,"50":0,"51":0,"52":0,"53":0,"54":0,"55":0,"56":0,"57":0,"58":0,"59":0,"60":0,"61":0,"62":0,"63":0,"64":0,"65":0,"66":0,"67":0,"68":0,"69":0,"70":0,"71":0,"72":0,"73":0,"74":0,"75":0,"76":0,"77":0,"78":0,"79":0,"80":0,"81":0,"82":0,"83":0,"84":0,"85":0,"86":0,"87":0,"88":0,"89":0,"90":0,"91":0,"92":0,"93":0,"94":0,"95":0,"96":0,"97":0,"98":0,"99":0,"100":0,"101":0,"102":0,"103":0,"104":0,"105":0,"106":0,"107":0,"108":0,"109":0,"110":0,"111":0,"112":0,"113":0,"114":0,"115":0,"116":0,"117":0,"118":0,"119":0,"120":0,"121":0,"122":0,"123":0,"124":0,"125":0,"126":0,"127":0,"128":0,"129":0,"130":0,"131":0,"132":0,"133":0,"134":0,"135":0,"136":0,"137":0,"138":0,"139":0,"140":0,"141":0,"142":0,"143":0,"144":0,"145":0,"146":0,"147":0,"148":0,"149":0,"150":0,"151":0,"152":0,"153":0,"154":0,"155":0,"156":0,"157":0,"158":0,"159":0,"160":0,"161":0,"162":0},"f":{"0":0,"1":0,"2":0,"3":0,"4":0,"5":0,"6":0,"7":0,"8":0,"9":0,"10":0,"11":0,"12":0,"13":0,"14":0,"15":0,"16":0,"17":0,"18":0,"19":0,"20":0,"21":0},"b":{"0":[0,0],"1":[0,0],"2":[0,0,0],"3":[0,0],"4":[0,0],"5":[0,0,0],"6":[0,0],"7":[0,0],"8":[0,0],"9":[0,0],"10":[0,0],"11":[0,0],"12":[0,0],"13":[0,0],"14":[0,0],"15":[0,0],"16":[0,0],"17":[0,0],"18":[0,0],"19":[0,0],"20":[0,0],"21":[0,0],"22":[0,0],"23":[0,0],"24":[0,0],"25":[0,0],"26":[0,0],"27":[0,0],"28":[0,0],"29":[0,0],"30":[0,0]}}
,"C:\\Users\\55319\\OneDrive\\Documentos\\RIDEFLEET\\src\\saga\\ride-saga.js": {"path":"C:\\Users\\55319\\OneDrive\\Documentos\\RIDEFLEET\\src\\saga\\ride-saga.js","statementMap":{"0":{"start":{"line":1,"column":23},"end":{"line":1,"column":38}},"1":{"start":{"line":2,"column":21},"end":{"line":2,"column":62}},"2":{"start":{"line":3,"column":20},"end":{"line":3,"column":52}},"3":{"start":{"line":4,"column":15},"end":{"line":4,"column":38}},"4":{"start":{"line":6,"column":19},"end":{"line":14,"column":1}},"5":{"start":{"line":16,"column":24},"end":{"line":19,"column":2}},"6":{"start":{"line":23,"column":4},"end":{"line":23,"column":28}},"7":{"start":{"line":28,"column":4},"end":{"line":28,"column":83}},"8":{"start":{"line":36,"column":18},"end":{"line":36,"column":44}},"9":{"start":{"line":37,"column":4},"end":{"line":37,"column":74}},"10":{"start":{"line":39,"column":18},"end":{"line":39,"column":66}},"11":{"start":{"line":41,"column":17},"end":{"line":55,"column":5}},"12":{"start":{"line":57,"column":4},"end":{"line":57,"column":34}},"13":{"start":{"line":58,"column":4},"end":{"line":58,"column":68}},"14":{"start":{"line":59,"column":4},"end":{"line":59,"column":16}},"15":{"start":{"line":64,"column":4},"end":{"line":70,"column":7}},"16":{"start":{"line":75,"column":4},"end":{"line":77,"column":6}},"17":{"start":{"line":76,"column":13},"end":{"line":76,"column":42}},"18":{"start":{"line":82,"column":15},"end":{"line":82,"column":38}},"19":{"start":{"line":84,"column":2},"end":{"line":84,"column":25}},"20":{"start":{"line":84,"column":13},"end":{"line":84,"column":25}},"21":{"start":{"line":86,"column":18},"end":{"line":86,"column":54}},"22":{"start":{"line":88,"column":2},"end":{"line":96,"column":3}},"23":{"start":{"line":89,"column":4},"end":{"line":93,"column":5}},"24":{"start":{"line":90,"column":6},"end":{"line":92,"column":8}},"25":{"start":{"line":95,"column":4},"end":{"line":95,"column":16}},"26":{"start":{"line":98,"column":16},"end":{"line":98,"column":42}},"27":{"start":{"line":100,"column":16},"end":{"line":103,"column":4}},"28":{"start":{"line":105,"column":2},"end":{"line":105,"column":24}},"29":{"start":{"line":107,"column":2},"end":{"line":107,"column":29}},"30":{"start":{"line":109,"column":2},"end":{"line":114,"column":5}},"31":{"start":{"line":116,"column":2},"end":{"line":118,"column":5}},"32":{"start":{"line":120,"column":2},"end":{"line":120,"column":14}},"33":{"start":{"line":124,"column":17},"end":{"line":124,"column":40}},"34":{"start":{"line":125,"column":4},"end":{"line":125,"column":27}},"35":{"start":{"line":125,"column":15},"end":{"line":125,"column":27}},"36":{"start":{"line":127,"column":18},"end":{"line":127,"column":44}},"37":{"start":{"line":128,"column":18},"end":{"line":128,"column":69}},"38":{"start":{"line":130,"column":4},"end":{"line":130,"column":41}},"39":{"start":{"line":131,"column":4},"end":{"line":136,"column":7}},"40":{"start":{"line":138,"column":4},"end":{"line":142,"column":12}},"41":{"start":{"line":139,"column":6},"end":{"line":141,"column":7}},"42":{"start":{"line":140,"column":8},"end":{"line":140,"column":66}},"43":{"start":{"line":144,"column":4},"end":{"line":144,"column":46}},"44":{"start":{"line":145,"column":4},"end":{"line":145,"column":16}},"45":{"start":{"line":149,"column":4},"end":{"line":149,"column":43}},"46":{"start":{"line":153,"column":4},"end":{"line":153,"column":44}},"47":{"start":{"line":159,"column":18},"end":{"line":159,"column":44}},"48":{"start":{"line":160,"column":19},"end":{"line":160,"column":27}},"49":{"start":{"line":161,"column":18},"end":{"line":161,"column":69}},"50":{"start":{"line":163,"column":17},"end":{"line":176,"column":5}},"51":{"start":{"line":178,"column":4},"end":{"line":178,"column":34}},"52":{"start":{"line":179,"column":4},"end":{"line":179,"column":68}},"53":{"start":{"line":180,"column":4},"end":{"line":180,"column":84}},"54":{"start":{"line":181,"column":4},"end":{"line":181,"column":16}},"55":{"start":{"line":185,"column":16},"end":{"line":193,"column":5}},"56":{"start":{"line":194,"column":4},"end":{"line":194,"column":35}},"57":{"start":{"line":198,"column":17},"end":{"line":198,"column":31}},"58":{"start":{"line":199,"column":0},"end":{"line":199,"column":52}}},"fnMap":{"0":{"name":"(anonymous_0)","decl":{"start":{"line":22,"column":2},"end":{"line":22,"column":3}},"loc":{"start":{"line":22,"column":16},"end":{"line":24,"column":3}},"line":22},"1":{"name":"(anonymous_1)","decl":{"start":{"line":27,"column":2},"end":{"line":27,"column":3}},"loc":{"start":{"line":27,"column":52},"end":{"line":29,"column":3}},"line":27},"2":{"name":"(anonymous_2)","decl":{"start":{"line":35,"column":2},"end":{"line":35,"column":3}},"loc":{"start":{"line":35,"column":91},"end":{"line":60,"column":3}},"line":35},"3":{"name":"(anonymous_3)","decl":{"start":{"line":63,"column":2},"end":{"line":63,"column":3}},"loc":{"start":{"line":63,"column":58},"end":{"line":71,"column":3}},"line":63},"4":{"name":"(anonymous_4)","decl":{"start":{"line":74,"column":2},"end":{"line":74,"column":3}},"loc":{"start":{"line":74,"column":14},"end":{"line":78,"column":3}},"line":74},"5":{"name":"(anonymous_5)","decl":{"start":{"line":76,"column":6},"end":{"line":76,"column":7}},"loc":{"start":{"line":76,"column":13},"end":{"line":76,"column":42}},"line":76},"6":{"name":"(anonymous_6)","decl":{"start":{"line":81,"column":0},"end":{"line":81,"column":1}},"loc":{"start":{"line":81,"column":41},"end":{"line":121,"column":1}},"line":81},"7":{"name":"(anonymous_7)","decl":{"start":{"line":123,"column":2},"end":{"line":123,"column":3}},"loc":{"start":{"line":123,"column":29},"end":{"line":146,"column":3}},"line":123},"8":{"name":"(anonymous_8)","decl":{"start":{"line":138,"column":15},"end":{"line":138,"column":16}},"loc":{"start":{"line":138,"column":21},"end":{"line":142,"column":5}},"line":138},"9":{"name":"(anonymous_9)","decl":{"start":{"line":148,"column":2},"end":{"line":148,"column":3}},"loc":{"start":{"line":148,"column":14},"end":{"line":150,"column":3}},"line":148},"10":{"name":"(anonymous_10)","decl":{"start":{"line":152,"column":2},"end":{"line":152,"column":3}},"loc":{"start":{"line":152,"column":11},"end":{"line":154,"column":3}},"line":152},"11":{"name":"(anonymous_11)","decl":{"start":{"line":158,"column":2},"end":{"line":158,"column":3}},"loc":{"start":{"line":158,"column":74},"end":{"line":182,"column":3}},"line":158},"12":{"name":"(anonymous_12)","decl":{"start":{"line":184,"column":2},"end":{"line":184,"column":3}},"loc":{"start":{"line":184,"column":36},"end":{"line":195,"column":3}},"line":184}},"branchMap":{"0":{"loc":{"start":{"line":37,"column":18},"end":{"line":37,"column":32}},"type":"binary-expr","locations":[{"start":{"line":37,"column":18},"end":{"line":37,"column":27}},{"start":{"line":37,"column":31},"end":{"line":37,"column":32}}],"line":37},"1":{"loc":{"start":{"line":69,"column":20},"end":{"line":69,"column":49}},"type":"binary-expr","locations":[{"start":{"line":69,"column":20},"end":{"line":69,"column":29}},{"start":{"line":69,"column":33},"end":{"line":69,"column":49}}],"line":69},"2":{"loc":{"start":{"line":81,"column":29},"end":{"line":81,"column":39}},"type":"default-arg","locations":[{"start":{"line":81,"column":37},"end":{"line":81,"column":39}}],"line":81},"3":{"loc":{"start":{"line":84,"column":2},"end":{"line":84,"column":25}},"type":"if","locations":[{"start":{"line":84,"column":2},"end":{"line":84,"column":25}},{"start":{},"end":{}}],"line":84},"4":{"loc":{"start":{"line":88,"column":2},"end":{"line":96,"column":3}},"type":"if","locations":[{"start":{"line":88,"column":2},"end":{"line":96,"column":3}},{"start":{},"end":{}}],"line":88},"5":{"loc":{"start":{"line":89,"column":4},"end":{"line":93,"column":5}},"type":"if","locations":[{"start":{"line":89,"column":4},"end":{"line":93,"column":5}},{"start":{},"end":{}}],"line":89},"6":{"loc":{"start":{"line":125,"column":4},"end":{"line":125,"column":27}},"type":"if","locations":[{"start":{"line":125,"column":4},"end":{"line":125,"column":27}},{"start":{},"end":{}}],"line":125},"7":{"loc":{"start":{"line":139,"column":6},"end":{"line":141,"column":7}},"type":"if","locations":[{"start":{"line":139,"column":6},"end":{"line":141,"column":7}},{"start":{},"end":{}}],"line":139},"8":{"loc":{"start":{"line":149,"column":11},"end":{"line":149,"column":42}},"type":"binary-expr","locations":[{"start":{"line":149,"column":11},"end":{"line":149,"column":34}},{"start":{"line":149,"column":38},"end":{"line":149,"column":42}}],"line":149},"9":{"loc":{"start":{"line":168,"column":23},"end":{"line":168,"column":40}},"type":"binary-expr","locations":[{"start":{"line":168,"column":23},"end":{"line":168,"column":29}},{"start":{"line":168,"column":33},"end":{"line":168,"column":40}}],"line":168},"10":{"loc":{"start":{"line":169,"column":23},"end":{"line":169,"column":55}},"type":"binary-expr","locations":[{"start":{"line":169,"column":23},"end":{"line":169,"column":35}},{"start":{"line":169,"column":39},"end":{"line":169,"column":55}}],"line":169},"11":{"loc":{"start":{"line":194,"column":11},"end":{"line":194,"column":34}},"type":"binary-expr","locations":[{"start":{"line":194,"column":11},"end":{"line":194,"column":28}},{"start":{"line":194,"column":32},"end":{"line":194,"column":34}}],"line":194}},"s":{"0":10,"1":10,"2":10,"3":10,"4":10,"5":10,"6":15,"7":6,"8":0,"9":0,"10":0,"11":0,"12":0,"13":0,"14":0,"15":5,"16":0,"17":0,"18":11,"19":11,"20":0,"21":11,"22":11,"23":1,"24":0,"25":1,"26":10,"27":10,"28":10,"29":10,"30":10,"31":10,"32":10,"33":2,"34":2,"35":0,"36":2,"37":2,"38":2,"39":2,"40":2,"41":1,"42":1,"43":2,"44":2,"45":2,"46":0,"47":11,"48":11,"49":11,"50":11,"51":11,"52":11,"53":11,"54":11,"55":11,"56":11,"57":10,"58":10},"f":{"0":15,"1":6,"2":0,"3":5,"4":0,"5":0,"6":11,"7":2,"8":1,"9":2,"10":0,"11":11,"12":11},"b":{"0":[0,0],"1":[5,5],"2":[9],"3":[0,11],"4":[1,10],"5":[0,1],"6":[0,2],"7":[1,0],"8":[2,0],"9":[11,0],"10":[11,6],"11":[11,0]},"_coverageSchema":"1a1c01bbd47fc00a2c39e90264f33305004495a9","hash":"dc1c72ef028b0f9422924eca64dd26933029df54"}
,"C:\\Users\\55319\\OneDrive\\Documentos\\RIDEFLEET\\src\\tests\\test-db.js": {"path":"C:\\Users\\55319\\OneDrive\\Documentos\\RIDEFLEET\\src\\tests\\test-db.js","statementMap":{"0":{"start":{"line":4,"column":2},"end":{"line":4,"column":37}},"1":{"start":{"line":8,"column":2},"end":{"line":8,"column":48}},"2":{"start":{"line":9,"column":2},"end":{"line":9,"column":37}},"3":{"start":{"line":10,"column":2},"end":{"line":10,"column":46}},"4":{"start":{"line":13,"column":4},"end":{"line":13,"column":37}},"5":{"start":{"line":15,"column":2},"end":{"line":15,"column":23}},"6":{"start":{"line":17,"column":2},"end":{"line":17,"column":48}},"7":{"start":{"line":18,"column":2},"end":{"line":18,"column":40}},"8":{"start":{"line":19,"column":2},"end":{"line":19,"column":46}},"9":{"start":{"line":22,"column":4},"end":{"line":22,"column":46}},"10":{"start":{"line":24,"column":2},"end":{"line":24,"column":39}},"11":{"start":{"line":26,"column":2},"end":{"line":26,"column":48}},"12":{"start":{"line":27,"column":2},"end":{"line":27,"column":31}},"13":{"start":{"line":28,"column":2},"end":{"line":28,"column":46}},"14":{"start":{"line":31,"column":4},"end":{"line":33,"column":5}},"15":{"start":{"line":35,"column":2},"end":{"line":35,"column":24}},"16":{"start":{"line":37,"column":2},"end":{"line":37,"column":48}},"17":{"start":{"line":38,"column":2},"end":{"line":38,"column":26}},"18":{"start":{"line":39,"column":2},"end":{"line":39,"column":46}},"19":{"start":{"line":42,"column":4},"end":{"line":42,"column":37}},"20":{"start":{"line":44,"column":2},"end":{"line":44,"column":24}},"21":{"start":{"line":46,"column":2},"end":{"line":46,"column":18}},"22":{"start":{"line":49,"column":0},"end":{"line":52,"column":3}},"23":{"start":{"line":50,"column":2},"end":{"line":50,"column":21}},"24":{"start":{"line":51,"column":2},"end":{"line":51,"column":18}}},"fnMap":{"0":{"name":"run","decl":{"start":{"line":6,"column":15},"end":{"line":6,"column":18}},"loc":{"start":{"line":6,"column":21},"end":{"line":47,"column":1}},"line":6},"1":{"name":"(anonymous_1)","decl":{"start":{"line":49,"column":12},"end":{"line":49,"column":13}},"loc":{"start":{"line":49,"column":19},"end":{"line":52,"column":1}},"line":49}},"branchMap":{},"s":{"0":0,"1":0,"2":0,"3":0,"4":0,"5":0,"6":0,"7":0,"8":0,"9":0,"10":0,"11":0,"12":0,"13":0,"14":0,"15":0,"16":0,"17":0,"18":0,"19":0,"20":0,"21":0,"22":0,"23":0,"24":0},"f":{"0":0,"1":0},"b":{}}
}
