TN:
SF:src\db.js
FNF:0
FNH:0
DA:3,8
DA:5,8
DA:14,8
LF:3
LH:3
BRDA:6,0,0,8
BRDA:6,0,1,8
BRDA:7,1,0,8
BRDA:7,1,1,8
BRDA:8,2,0,8
BRDA:8,2,1,8
BRDA:9,3,0,8
BRDA:9,3,1,8
BRDA:10,4,0,8
BRDA:10,4,1,8
BRF:10
BRH:10
end_of_record
TN:
SF:src\rabbitmq.js
FN:8,connectRabbitMQ
FN:18,getChannel
FNF:2
FNH:0
FNDA:0,connectRabbitMQ
FNDA:0,getChannel
DA:1,0
DA:5,0
DA:6,0
DA:9,0
DA:10,0
DA:12,0
DA:13,0
DA:15,0
DA:19,0
DA:20,0
DA:22,0
DA:25,0
LF:12
LH:0
BRDA:19,0,0,0
BRDA:19,0,1,0
BRF:2
BRH:0
end_of_record
TN:
SF:src\circuit-breaker\circuit-breaker.js
FN:17,(anonymous_0)
FN:28,(anonymous_1)
FN:47,(anonymous_2)
FN:55,(anonymous_3)
FN:71,(anonymous_4)
FN:109,(anonymous_5)
FN:123,(anonymous_6)
FN:135,(anonymous_7)
FN:140,(anonymous_8)
FN:151,(anonymous_9)
FNF:10
FNH:6
FNDA:4,(anonymous_0)
FNDA:7,(anonymous_1)
FNDA:1,(anonymous_2)
FNDA:5,(anonymous_3)
FNDA:5,(anonymous_4)
FNDA:0,(anonymous_5)
FNDA:0,(anonymous_6)
FNDA:4,(anonymous_7)
FNDA:0,(anonymous_8)
FNDA:0,(anonymous_9)
DA:1,4
DA:2,4
DA:4,4
DA:18,4
DA:19,4
DA:20,4
DA:22,4
DA:23,4
DA:24,4
DA:25,4
DA:29,7
DA:30,2
DA:31,1
DA:33,1
DA:37,6
DA:38,6
DA:39,1
DA:40,1
DA:42,5
DA:43,5
DA:48,1
DA:49,1
DA:52,1
DA:56,5
DA:57,5
DA:59,5
DA:61,5
DA:62,0
DA:63,5
DA:67,3
DA:72,5
DA:73,5
DA:75,5
DA:76,1
DA:79,5
DA:86,5
DA:91,5
DA:93,5
DA:110,0
DA:114,0
DA:117,0
DA:124,0
DA:136,4
DA:137,4
DA:141,0
DA:142,0
DA:148,0
DA:152,0
DA:154,0
DA:155,0
DA:158,0
DA:162,4
DA:174,4
LF:53
LH:41
BRDA:17,0,0,0
BRDA:19,1,0,4
BRDA:19,1,1,0
BRDA:20,2,0,4
BRDA:20,2,1,3
BRDA:29,3,0,2
BRDA:29,3,1,5
BRDA:30,4,0,1
BRDA:30,4,1,1
BRDA:48,5,0,1
BRDA:48,5,1,0
BRDA:61,6,0,0
BRDA:61,6,1,5
BRDA:63,7,0,3
BRDA:63,7,1,2
BRDA:64,8,0,5
BRDA:64,8,1,5
BRDA:75,9,0,1
BRDA:75,9,1,4
BRDA:94,10,0,3
BRDA:94,10,1,2
BRDA:96,11,0,3
BRDA:96,11,1,2
BRDA:110,12,0,0
BRDA:110,12,1,0
BRDA:111,13,0,0
BRDA:111,13,1,0
BRDA:135,14,0,0
BRDA:141,15,0,0
BRDA:141,15,1,0
BRDA:164,16,0,4
BRDA:164,16,1,4
BRDA:169,17,0,4
BRDA:169,17,1,4
BRF:34
BRH:23
end_of_record
TN:
SF:src\consensus\auction.js
FN:13,(anonymous_0)
FN:39,(anonymous_1)
FN:41,(anonymous_2)
FN:61,(anonymous_3)
FN:65,(anonymous_4)
FN:96,(anonymous_5)
FN:97,(anonymous_6)
FN:107,(anonymous_7)
FN:110,(anonymous_8)
FNF:9
FNH:0
FNDA:0,(anonymous_0)
FNDA:0,(anonymous_1)
FNDA:0,(anonymous_2)
FNDA:0,(anonymous_3)
FNDA:0,(anonymous_4)
FNDA:0,(anonymous_5)
FNDA:0,(anonymous_6)
FNDA:0,(anonymous_7)
FNDA:0,(anonymous_8)
DA:1,0
DA:2,0
DA:3,0
DA:4,0
DA:5,0
DA:14,0
DA:15,0
DA:17,0
DA:19,0
DA:21,0
DA:22,0
DA:23,0
DA:24,0
DA:27,0
DA:28,0
DA:30,0
DA:33,0
DA:35,0
DA:40,0
DA:41,0
DA:42,0
DA:46,0
DA:47,0
DA:49,0
DA:50,0
DA:51,0
DA:52,0
DA:58,0
DA:62,0
DA:64,0
DA:65,0
DA:66,0
DA:79,0
DA:81,0
DA:83,0
DA:85,0
DA:86,0
DA:97,0
DA:98,0
DA:99,0
DA:100,0
DA:108,0
DA:110,0
DA:113,0
DA:114,0
DA:116,0
DA:125,0
DA:126,0
LF:48
LH:0
BRDA:21,0,0,0
BRDA:21,0,1,0
BRDA:50,1,0,0
BRDA:50,1,1,0
BRDA:50,2,0,0
BRDA:50,2,1,0
BRDA:81,3,0,0
BRDA:81,3,1,0
BRDA:81,4,0,0
BRDA:81,4,1,0
BRDA:81,4,2,0
BRDA:98,5,0,0
BRDA:98,5,1,0
BRDA:99,6,0,0
BRDA:99,6,1,0
BRF:15
BRH:0
end_of_record
TN:
SF:src\core\core-client.js
FN:9,headers
FN:16,normalizarLocal
FN:37,(anonymous_2)
FN:66,(anonymous_3)
FN:86,(anonymous_4)
FN:120,(anonymous_5)
FN:132,(anonymous_6)
FN:144,(anonymous_7)
FN:163,(anonymous_8)
FN:167,(anonymous_9)
FNF:10
FNH:0
FNDA:0,headers
FNDA:0,normalizarLocal
FNDA:0,(anonymous_2)
FNDA:0,(anonymous_3)
FNDA:0,(anonymous_4)
FNDA:0,(anonymous_5)
FNDA:0,(anonymous_6)
FNDA:0,(anonymous_7)
FNDA:0,(anonymous_8)
FNDA:0,(anonymous_9)
DA:3,1
DA:4,1
DA:6,1
DA:7,1
DA:10,0
DA:17,0
DA:18,0
DA:27,0
DA:38,0
DA:40,0
DA:41,0
DA:43,0
DA:50,0
DA:52,0
DA:56,0
DA:57,0
DA:58,0
DA:59,0
DA:60,0
DA:62,0
DA:67,0
DA:74,0
DA:83,0
DA:87,0
DA:108,0
DA:117,0
DA:121,0
DA:129,0
DA:133,0
DA:141,0
DA:145,0
DA:151,0
DA:160,0
DA:164,0
DA:168,0
DA:176,0
DA:180,1
DA:182,1
LF:38
LH:6
BRDA:6,0,0,1
BRDA:6,0,1,0
BRDA:16,1,0,0
BRDA:17,2,0,0
BRDA:17,2,1,0
BRDA:17,3,0,0
BRDA:17,3,1,0
BRDA:19,4,0,0
BRDA:19,4,1,0
BRDA:19,4,2,0
BRDA:20,5,0,0
BRDA:20,5,1,0
BRDA:20,5,2,0
BRDA:21,6,0,0
BRDA:21,6,1,0
BRDA:21,6,2,0
BRDA:21,6,3,0
BRDA:22,7,0,0
BRDA:22,7,1,0
BRDA:22,7,2,0
BRDA:22,7,3,0
BRDA:23,8,0,0
BRDA:23,8,1,0
BRDA:23,8,2,0
BRDA:23,8,3,0
BRDA:28,9,0,0
BRDA:28,9,1,0
BRDA:29,10,0,0
BRDA:29,10,1,0
BRDA:30,11,0,0
BRDA:30,11,1,0
BRDA:30,11,2,0
BRDA:31,12,0,0
BRDA:31,12,1,0
BRDA:32,13,0,0
BRDA:32,13,1,0
BRDA:89,14,0,0
BRDA:89,14,1,0
BRDA:91,15,0,0
BRDA:91,15,1,0
BRDA:92,16,0,0
BRDA:92,16,1,0
BRDA:93,17,0,0
BRDA:93,17,1,0
BRDA:94,18,0,0
BRDA:94,18,1,0
BRDA:95,19,0,0
BRDA:95,19,1,0
BRDA:98,20,0,0
BRDA:98,20,1,0
BRDA:99,21,0,0
BRDA:99,21,1,0
BRDA:100,22,0,0
BRDA:100,22,1,0
BRDA:101,23,0,0
BRDA:101,23,1,0
BRDA:102,24,0,0
BRDA:102,24,1,0
BRDA:104,25,0,0
BRDA:104,25,1,0
BRDA:144,26,0,0
BRDA:163,27,0,0
BRF:62
BRH:1
end_of_record
TN:
SF:src\drivers\driverRegistry.js
FN:7,(anonymous_0)
FN:17,(anonymous_1)
FN:28,(anonymous_2)
FN:38,(anonymous_3)
FN:48,(anonymous_4)
FN:61,(anonymous_5)
FN:81,(anonymous_6)
FN:92,(anonymous_7)
FN:103,(anonymous_8)
FN:111,(anonymous_9)
FN:115,(anonymous_10)
FNF:11
FNH:3
FNDA:0,(anonymous_0)
FNDA:1,(anonymous_1)
FNDA:0,(anonymous_2)
FNDA:0,(anonymous_3)
FNDA:0,(anonymous_4)
FNDA:5,(anonymous_5)
FNDA:0,(anonymous_6)
FNDA:56,(anonymous_7)
FNDA:0,(anonymous_8)
FNDA:0,(anonymous_9)
FNDA:0,(anonymous_10)
DA:3,8
DA:5,8
DA:9,0
DA:14,0
DA:19,1
DA:25,1
DA:30,0
DA:35,0
DA:40,0
DA:41,0
DA:43,0
DA:44,0
DA:47,0
DA:48,0
DA:51,0
DA:58,0
DA:63,5
DA:67,5
DA:74,5
DA:75,0
DA:78,5
DA:83,0
DA:89,0
DA:94,56
DA:99,25
DA:103,8
DA:105,0
DA:107,0
DA:111,0
DA:115,0
DA:122,8
LF:31
LH:12
BRDA:35,0,0,0
BRDA:35,0,1,0
BRDA:43,1,0,0
BRDA:43,1,1,0
BRDA:58,2,0,0
BRDA:58,2,1,0
BRDA:63,3,0,0
BRDA:63,3,1,5
BRDA:74,4,0,0
BRDA:74,4,1,5
BRDA:89,5,0,0
BRDA:89,5,1,0
BRF:12
BRH:2
end_of_record
TN:
SF:src\drivers\driverService.js
FN:6,assignDriver
FN:49,releaseDriver
FN:53,reset
FNF:3
FNH:2
FNDA:5,assignDriver
FNDA:0,releaseDriver
FNDA:51,reset
DA:3,8
DA:4,8
DA:7,5
DA:9,5
DA:10,5
DA:12,5
DA:21,5
DA:22,2
DA:23,2
DA:26,3
DA:28,3
DA:34,3
DA:36,3
DA:42,0
DA:43,0
DA:45,5
DA:50,0
DA:54,51
DA:57,8
LF:19
LH:16
BRDA:21,0,0,2
BRDA:21,0,1,3
BRF:2
BRH:2
end_of_record
TN:
SF:src\health\alerts.js
FN:29,_fire
FN:57,_resolve
FN:77,checkAlerts
FN:172,getAlertsSnapshot
FN:195,startAlertLoop
FN:198,(anonymous_5)
FN:217,stopAlertLoop
FNF:7
FNH:0
FNDA:0,_fire
FNDA:0,_resolve
FNDA:0,checkAlerts
FNDA:0,getAlertsSnapshot
FNDA:0,startAlertLoop
FNDA:0,(anonymous_5)
FNDA:0,stopAlertLoop
DA:12,0
DA:15,0
DA:16,0
DA:17,0
DA:20,0
DA:22,0
DA:23,0
DA:30,0
DA:32,0
DA:34,0
DA:42,0
DA:43,0
DA:45,0
DA:46,0
DA:58,0
DA:59,0
DA:61,0
DA:81,0
DA:85,0
DA:86,0
DA:97,0
DA:101,0
DA:102,0
DA:109,0
DA:113,0
DA:114,0
DA:125,0
DA:130,0
DA:133,0
DA:134,0
DA:145,0
DA:149,0
DA:150,0
DA:152,0
DA:153,0
DA:164,0
DA:173,0
DA:174,0
DA:175,0
DA:178,0
DA:187,0
DA:196,0
DA:198,0
DA:199,0
DA:200,0
DA:201,0
DA:202,0
DA:204,0
DA:209,0
DA:211,0
DA:218,0
DA:219,0
DA:220,0
DA:224,0
LF:54
LH:0
BRDA:15,0,0,0
BRDA:15,0,1,0
BRDA:16,1,0,0
BRDA:16,1,1,0
BRDA:17,2,0,0
BRDA:17,2,1,0
BRDA:29,3,0,0
BRDA:29,4,0,0
BRDA:43,5,0,0
BRDA:43,5,1,0
BRDA:45,6,0,0
BRDA:45,6,1,0
BRDA:58,7,0,0
BRDA:58,7,1,0
BRDA:77,8,0,0
BRDA:81,9,0,0
BRDA:81,9,1,0
BRDA:85,10,0,0
BRDA:85,10,1,0
BRDA:101,11,0,0
BRDA:101,11,1,0
BRDA:113,12,0,0
BRDA:113,12,1,0
BRDA:113,13,0,0
BRDA:113,13,1,0
BRDA:130,14,0,0
BRDA:130,14,1,0
BRDA:130,15,0,0
BRDA:130,15,1,0
BRDA:133,16,0,0
BRDA:133,16,1,0
BRDA:152,17,0,0
BRDA:152,17,1,0
BRDA:196,18,0,0
BRDA:196,18,1,0
BRDA:201,19,0,0
BRDA:201,19,1,0
BRDA:201,20,0,0
BRDA:201,20,1,0
BRDA:201,20,2,0
BRDA:202,21,0,0
BRDA:202,21,1,0
BRDA:202,22,0,0
BRDA:202,22,1,0
BRDA:209,23,0,0
BRDA:209,23,1,0
BRDA:218,24,0,0
BRDA:218,24,1,0
BRF:48
BRH:0
end_of_record
TN:
SF:src\health\health-service.js
FN:25,computeHealth
FNF:1
FNH:0
FNDA:0,computeHealth
DA:11,0
DA:14,0
DA:15,0
DA:16,0
DA:26,0
DA:27,0
DA:31,0
DA:35,0
DA:37,0
DA:38,0
DA:39,0
DA:40,0
DA:44,0
DA:45,0
DA:48,0
DA:50,0
DA:52,0
DA:53,0
DA:54,0
DA:55,0
DA:59,0
DA:60,0
DA:66,0
DA:67,0
DA:68,0
DA:69,0
DA:71,0
DA:74,0
DA:102,0
LF:29
LH:0
BRDA:14,0,0,0
BRDA:14,0,1,0
BRDA:15,1,0,0
BRDA:15,1,1,0
BRDA:16,2,0,0
BRDA:16,2,1,0
BRDA:31,3,0,0
BRDA:31,3,1,0
BRDA:35,4,0,0
BRDA:35,4,1,0
BRDA:37,5,0,0
BRDA:37,5,1,0
BRDA:39,6,0,0
BRDA:39,6,1,0
BRDA:44,7,0,0
BRDA:44,7,1,0
BRDA:45,8,0,0
BRDA:45,8,1,0
BRDA:48,9,0,0
BRDA:48,9,1,0
BRDA:50,10,0,0
BRDA:50,10,1,0
BRDA:52,11,0,0
BRDA:52,11,1,0
BRDA:54,12,0,0
BRDA:54,12,1,0
BRDA:59,13,0,0
BRDA:59,13,1,0
BRDA:66,14,0,0
BRDA:66,14,1,0
BRDA:66,15,0,0
BRDA:66,15,1,0
BRDA:68,16,0,0
BRDA:68,16,1,0
BRDA:88,17,0,0
BRDA:88,17,1,0
BRF:36
BRH:0
end_of_record
TN:
SF:src\locks\distributed-lock.js
FN:6,(anonymous_0)
FN:11,(anonymous_1)
FN:50,(anonymous_2)
FN:70,(anonymous_3)
FN:91,(anonymous_4)
FNF:5
FNH:3
FNDA:20,(anonymous_0)
FNDA:12,(anonymous_1)
FNDA:2,(anonymous_2)
FNDA:0,(anonymous_3)
FNDA:0,(anonymous_4)
DA:3,10
DA:7,20
DA:8,20
DA:12,12
DA:13,12
DA:15,12
DA:16,3
DA:18,3
DA:19,2
DA:25,1
DA:26,0
DA:33,10
DA:38,10
DA:44,10
DA:51,2
DA:53,2
DA:54,2
DA:56,1
DA:58,1
DA:64,1
DA:71,0
DA:72,0
DA:74,0
DA:75,0
DA:76,0
DA:78,0
DA:88,0
DA:92,0
DA:97,10
DA:98,10
DA:100,10
LF:31
LH:22
BRDA:6,0,0,0
BRDA:15,1,0,3
BRDA:15,1,1,9
BRDA:18,2,0,2
BRDA:18,2,1,1
BRDA:18,3,0,3
BRDA:18,3,1,2
BRDA:25,4,0,0
BRDA:25,4,1,1
BRDA:25,5,0,1
BRDA:25,5,1,0
BRDA:53,6,0,0
BRDA:53,6,1,2
BRDA:54,7,0,1
BRDA:54,7,1,1
BRDA:98,8,0,10
BRDA:98,8,1,0
BRF:17
BRH:12
end_of_record
TN:
SF:src\logging\logger.js
FN:5,structuredLog
FNF:1
FNH:1
FNDA:16,structuredLog
DA:3,14
DA:14,16
DA:16,16
DA:17,16
DA:22,0
DA:25,16
DA:41,16
DA:44,14
LF:8
LH:7
BRDA:6,0,0,0
BRDA:8,1,0,16
BRDA:9,2,0,16
BRDA:9,3,0,16
BRDA:9,3,1,0
BRDA:10,4,0,16
BRDA:11,5,0,16
BRDA:12,6,0,0
BRF:8
BRH:5
end_of_record
TN:
SF:src\logical-clock\lamport-clock.js
FN:11,(anonymous_0)
FN:19,(anonymous_1)
FN:36,(anonymous_2)
FN:51,(anonymous_3)
FN:59,(anonymous_4)
FN:61,(anonymous_5)
FN:62,(anonymous_6)
FN:66,(anonymous_7)
FN:67,(anonymous_8)
FN:73,getClock
FNF:10
FNH:8
FNDA:23,(anonymous_0)
FNDA:48,(anonymous_1)
FNDA:2,(anonymous_2)
FNDA:1,(anonymous_3)
FNDA:1,(anonymous_4)
FNDA:3,(anonymous_5)
FNDA:1,(anonymous_6)
FNDA:0,(anonymous_7)
FNDA:0,(anonymous_8)
FNDA:39,getClock
DA:12,23
DA:13,23
DA:15,23
DA:20,48
DA:21,48
DA:28,48
DA:29,48
DA:37,2
DA:38,2
DA:46,2
DA:47,2
DA:52,1
DA:60,1
DA:61,3
DA:62,1
DA:67,0
DA:72,23
DA:74,39
DA:75,39
DA:78,23
LF:20
LH:19
BRDA:19,0,0,6
BRDA:36,1,0,2
BRDA:61,2,0,3
BRDA:61,2,1,3
BRDA:74,3,0,18
BRDA:74,3,1,21
BRF:6
BRH:6
end_of_record
TN:
SF:src\logical-clock\saga\ride-saga.js
FN:25,(anonymous_0)
FN:30,(anonymous_1)
FN:38,(anonymous_2)
FN:66,(anonymous_3)
FN:77,(anonymous_4)
FN:79,(anonymous_5)
FN:84,(anonymous_6)
FN:126,(anonymous_7)
FN:141,(anonymous_8)
FN:151,(anonymous_9)
FN:155,(anonymous_10)
FN:161,(anonymous_11)
FN:187,(anonymous_12)
FNF:13
FNH:0
FNDA:0,(anonymous_0)
FNDA:0,(anonymous_1)
FNDA:0,(anonymous_2)
FNDA:0,(anonymous_3)
FNDA:0,(anonymous_4)
FNDA:0,(anonymous_5)
FNDA:0,(anonymous_6)
FNDA:0,(anonymous_7)
FNDA:0,(anonymous_8)
FNDA:0,(anonymous_9)
FNDA:0,(anonymous_10)
FNDA:0,(anonymous_11)
FNDA:0,(anonymous_12)
DA:4,0
DA:5,0
DA:6,0
DA:7,0
DA:9,0
DA:19,0
DA:26,0
DA:31,0
DA:39,0
DA:40,0
DA:42,0
DA:44,0
DA:60,0
DA:61,0
DA:62,0
DA:67,0
DA:78,0
DA:79,0
DA:85,0
DA:87,0
DA:89,0
DA:91,0
DA:92,0
DA:93,0
DA:98,0
DA:101,0
DA:103,0
DA:108,0
DA:110,0
DA:112,0
DA:119,0
DA:123,0
DA:127,0
DA:128,0
DA:130,0
DA:131,0
DA:133,0
DA:134,0
DA:141,0
DA:142,0
DA:143,0
DA:147,0
DA:148,0
DA:152,0
DA:156,0
DA:162,0
DA:163,0
DA:164,0
DA:166,0
DA:181,0
DA:182,0
DA:183,0
DA:184,0
DA:188,0
DA:197,0
DA:201,0
DA:202,0
LF:57
LH:0
BRDA:40,0,0,0
BRDA:40,0,1,0
BRDA:72,1,0,0
BRDA:72,1,1,0
BRDA:84,2,0,0
BRDA:87,3,0,0
BRDA:87,3,1,0
BRDA:91,4,0,0
BRDA:91,4,1,0
BRDA:92,5,0,0
BRDA:92,5,1,0
BRDA:128,6,0,0
BRDA:128,6,1,0
BRDA:142,7,0,0
BRDA:142,7,1,0
BRDA:152,8,0,0
BRDA:152,8,1,0
BRDA:171,9,0,0
BRDA:171,9,1,0
BRDA:172,10,0,0
BRDA:172,10,1,0
BRDA:197,11,0,0
BRDA:197,11,1,0
BRF:23
BRH:0
end_of_record
TN:
SF:src\middleware\latency.js
FN:14,latencyMiddleware
FN:17,(anonymous_1)
FN:38,getLatencyStats
FN:43,(anonymous_3)
FN:43,(anonymous_4)
FN:45,(anonymous_5)
FN:53,(anonymous_6)
FN:62,reset
FNF:8
FNH:0
FNDA:0,latencyMiddleware
FNDA:0,(anonymous_1)
FNDA:0,getLatencyStats
FNDA:0,(anonymous_3)
FNDA:0,(anonymous_4)
FNDA:0,(anonymous_5)
FNDA:0,(anonymous_6)
FNDA:0,reset
DA:7,0
DA:9,0
DA:15,0
DA:17,0
DA:18,0
DA:20,0
DA:26,0
DA:27,0
DA:31,0
DA:39,0
DA:40,0
DA:43,0
DA:45,0
DA:47,0
DA:48,0
DA:50,0
DA:51,0
DA:53,0
DA:54,0
DA:56,0
DA:63,0
DA:66,0
LF:22
LH:0
BRDA:26,0,0,0
BRDA:26,0,1,0
BRDA:39,1,0,0
BRDA:39,1,1,0
BRF:4
BRH:0
end_of_record
TN:
SF:src\middleware\metrics.js
FN:74,(anonymous_0)
FN:115,httpMetricsMiddleware
FN:117,(anonymous_2)
FN:127,metricsHandler
FNF:4
FNH:0
FNDA:0,(anonymous_0)
FNDA:0,httpMetricsMiddleware
FNDA:0,(anonymous_2)
FNDA:0,metricsHandler
DA:4,0
DA:6,0
DA:8,0
DA:74,0
DA:116,0
DA:117,0
DA:118,0
DA:124,0
DA:128,0
DA:129,0
DA:132,0
LF:11
LH:0
BRDA:120,0,0,0
BRDA:120,0,1,0
BRF:2
BRH:0
end_of_record
TN:
SF:src\overflow-policy\policy.js
FN:8,(anonymous_0)
FN:28,(anonymous_1)
FN:35,(anonymous_2)
FN:89,(anonymous_3)
FN:107,(anonymous_4)
FN:125,(anonymous_5)
FN:132,(anonymous_6)
FN:178,(anonymous_7)
FNF:8
FNH:0
FNDA:0,(anonymous_0)
FNDA:0,(anonymous_1)
FNDA:0,(anonymous_2)
FNDA:0,(anonymous_3)
FNDA:0,(anonymous_4)
FNDA:0,(anonymous_5)
FNDA:0,(anonymous_6)
FNDA:0,(anonymous_7)
DA:1,0
DA:2,0
DA:4,0
DA:5,0
DA:9,0
DA:12,0
DA:15,0
DA:18,0
DA:21,0
DA:22,0
DA:29,0
DA:37,0
DA:38,0
DA:41,0
DA:44,0
DA:49,0
DA:54,0
DA:56,0
DA:60,0
DA:61,0
DA:63,0
DA:65,0
DA:69,0
DA:73,0
DA:75,0
DA:77,0
DA:81,0
DA:83,0
DA:90,0
DA:93,0
DA:97,0
DA:108,0
DA:111,0
DA:115,0
DA:126,0
DA:133,0
DA:136,0
DA:140,0
DA:142,0
DA:179,0
DA:180,0
DA:184,0
DA:208,0
LF:43
LH:0
BRDA:8,0,0,0
BRDA:10,1,0,0
BRDA:10,1,1,0
BRDA:13,2,0,0
BRDA:13,2,1,0
BRDA:16,3,0,0
BRDA:16,3,1,0
BRDA:19,4,0,0
BRDA:19,4,1,0
BRDA:35,5,0,0
BRDA:37,6,0,0
BRDA:37,6,1,0
BRDA:44,7,0,0
BRDA:44,7,1,0
BRDA:49,8,0,0
BRDA:49,8,1,0
BRDA:50,9,0,0
BRDA:50,9,1,0
BRDA:60,10,0,0
BRDA:60,10,1,0
BRDA:69,11,0,0
BRDA:69,11,1,0
BRDA:70,12,0,0
BRDA:70,12,1,0
BRDA:71,13,0,0
BRDA:71,13,1,0
BRDA:93,14,0,0
BRDA:93,14,1,0
BRDA:98,15,0,0
BRDA:98,15,1,0
BRDA:111,16,0,0
BRDA:111,16,1,0
BRDA:116,17,0,0
BRDA:116,17,1,0
BRDA:136,18,0,0
BRDA:136,18,1,0
BRDA:186,19,0,0
BRDA:186,19,1,0
BRDA:192,20,0,0
BRDA:192,20,1,0
BRDA:197,21,0,0
BRDA:197,21,1,0
BRDA:202,22,0,0
BRDA:202,22,1,0
BRF:44
BRH:0
end_of_record
TN:
SF:src\policy\overflow-policy.js
FN:6,(anonymous_0)
FN:25,(anonymous_1)
FN:66,(anonymous_2)
FN:82,(anonymous_3)
FN:95,(anonymous_4)
FN:103,(anonymous_5)
FN:133,(anonymous_6)
FNF:7
FNH:7
FNDA:24,(anonymous_0)
FNDA:4,(anonymous_1)
FNDA:3,(anonymous_2)
FNDA:3,(anonymous_3)
FNDA:3,(anonymous_4)
FNDA:1,(anonymous_5)
FNDA:1,(anonymous_6)
DA:1,12
DA:2,12
DA:3,12
DA:8,24
DA:9,24
DA:10,24
DA:11,24
DA:14,24
DA:15,24
DA:27,4
DA:28,1
DA:32,3
DA:33,3
DA:34,3
DA:37,3
DA:39,1
DA:40,1
DA:44,2
DA:45,1
DA:46,1
DA:47,1
DA:51,1
DA:52,0
DA:53,0
DA:54,0
DA:58,1
DA:59,1
DA:67,3
DA:68,3
DA:69,3
DA:74,3
DA:83,3
DA:84,3
DA:85,3
DA:87,3
DA:96,3
DA:104,1
DA:105,1
DA:106,1
DA:108,1
DA:134,1
DA:135,1
DA:139,12
DA:146,12
LF:44
LH:41
BRDA:6,0,0,10
BRDA:8,1,0,24
BRDA:8,1,1,10
BRDA:9,2,0,24
BRDA:9,2,1,11
BRDA:10,3,0,24
BRDA:10,3,1,12
BRDA:11,4,0,24
BRDA:11,4,1,12
BRDA:27,5,0,1
BRDA:27,5,1,3
BRDA:27,6,0,4
BRDA:27,6,1,4
BRDA:37,7,0,1
BRDA:37,7,1,2
BRDA:37,8,0,3
BRDA:37,8,1,1
BRDA:44,9,0,1
BRDA:44,9,1,1
BRDA:51,10,0,0
BRDA:51,10,1,1
BRDA:51,11,0,1
BRDA:51,11,1,0
BRDA:51,12,0,0
BRDA:51,12,1,0
BRDA:74,13,0,3
BRDA:74,13,1,1
BRDA:87,14,0,3
BRDA:87,14,1,2
BRDA:140,15,0,12
BRDA:140,15,1,12
BRDA:141,16,0,12
BRDA:141,16,1,12
BRDA:142,17,0,12
BRDA:142,17,1,12
BRDA:143,18,0,12
BRDA:143,18,1,12
BRF:37
BRH:33
end_of_record
TN:
SF:src\queue\queue-monitor.js
FN:38,_persistQueue
FN:57,_restoreQueue
FN:104,_shouldDiscard
FN:135,_scheduleTransitions
FN:140,(anonymous_4)
FN:148,runStep
FN:153,(anonymous_6)
FN:199,_processItem
FN:226,(anonymous_8)
FN:314,_drain
FN:336,start
FN:345,(anonymous_11)
FN:366,stop
FN:378,snapshot
FN:395,startQueueMonitor
FNF:15
FNH:0
FNDA:0,_persistQueue
FNDA:0,_restoreQueue
FNDA:0,_shouldDiscard
FNDA:0,_scheduleTransitions
FNDA:0,(anonymous_4)
FNDA:0,runStep
FNDA:0,(anonymous_6)
FNDA:0,_processItem
FNDA:0,(anonymous_8)
FNDA:0,_drain
FNDA:0,start
FNDA:0,(anonymous_11)
FNDA:0,stop
FNDA:0,snapshot
FNDA:0,startQueueMonitor
DA:16,0
DA:17,0
DA:18,0
DA:19,0
DA:21,0
DA:24,0
DA:25,0
DA:26,0
DA:27,0
DA:30,0
DA:32,0
DA:33,0
DA:34,0
DA:39,0
DA:41,0
DA:42,0
DA:44,0
DA:53,0
DA:58,0
DA:60,0
DA:62,0
DA:70,0
DA:75,0
DA:77,0
DA:79,0
DA:81,0
DA:82,0
DA:84,0
DA:85,0
DA:88,0
DA:89,0
DA:94,0
DA:98,0
DA:105,0
DA:106,0
DA:109,0
DA:110,0
DA:111,0
DA:114,0
DA:124,0
DA:136,0
DA:137,0
DA:140,0
DA:142,0
DA:144,0
DA:149,0
DA:151,0
DA:153,0
DA:154,0
DA:156,0
DA:157,0
DA:158,0
DA:161,0
DA:162,0
DA:163,0
DA:166,0
DA:168,0
DA:169,0
DA:170,0
DA:173,0
DA:175,0
DA:176,0
DA:183,0
DA:184,0
DA:189,0
DA:194,0
DA:200,0
DA:202,0
DA:203,0
DA:206,0
DA:207,0
DA:208,0
DA:211,0
DA:218,0
DA:219,0
DA:222,0
DA:224,0
DA:226,0
DA:228,0
DA:230,0
DA:231,0
DA:235,0
DA:238,0
DA:240,0
DA:241,0
DA:254,0
DA:255,0
DA:256,0
DA:259,0
DA:261,0
DA:265,0
DA:270,0
DA:275,0
DA:277,0
DA:279,0
DA:291,0
DA:293,0
DA:294,0
DA:299,0
DA:301,0
DA:308,0
DA:315,0
DA:317,0
DA:318,0
DA:320,0
DA:321,0
DA:325,0
DA:337,0
DA:339,0
DA:340,0
DA:343,0
DA:345,0
DA:346,0
DA:347,0
DA:349,0
DA:354,0
DA:356,0
DA:367,0
DA:368,0
DA:369,0
DA:370,0
DA:371,0
DA:379,0
DA:396,0
DA:397,0
DA:398,0
DA:401,0
LF:127
LH:0
BRDA:24,0,0,0
BRDA:24,0,1,0
BRDA:25,1,0,0
BRDA:25,1,1,0
BRDA:26,2,0,0
BRDA:26,2,1,0
BRDA:27,3,0,0
BRDA:27,3,1,0
BRDA:30,4,0,0
BRDA:30,4,1,0
BRDA:39,5,0,0
BRDA:39,5,1,0
BRDA:58,6,0,0
BRDA:58,6,1,0
BRDA:75,7,0,0
BRDA:75,7,1,0
BRDA:75,8,0,0
BRDA:75,8,1,0
BRDA:82,9,0,0
BRDA:82,9,1,0
BRDA:84,10,0,0
BRDA:84,10,1,0
BRDA:85,11,0,0
BRDA:85,11,1,0
BRDA:88,12,0,0
BRDA:88,12,1,0
BRDA:105,13,0,0
BRDA:105,13,1,0
BRDA:110,14,0,0
BRDA:110,14,1,0
BRDA:137,15,0,0
BRDA:137,15,1,0
BRDA:142,16,0,0
BRDA:142,16,1,0
BRDA:149,17,0,0
BRDA:149,17,1,0
BRDA:156,18,0,0
BRDA:156,18,1,0
BRDA:161,19,0,0
BRDA:161,19,1,0
BRDA:168,20,0,0
BRDA:168,20,1,0
BRDA:175,21,0,0
BRDA:175,21,1,0
BRDA:183,22,0,0
BRDA:183,22,1,0
BRDA:202,23,0,0
BRDA:202,23,1,0
BRDA:207,24,0,0
BRDA:207,24,1,0
BRDA:207,25,0,0
BRDA:207,25,1,0
BRDA:226,26,0,0
BRDA:226,26,1,0
BRDA:228,27,0,0
BRDA:228,27,1,0
BRDA:240,28,0,0
BRDA:240,28,1,0
BRDA:246,29,0,0
BRDA:246,29,1,0
BRDA:254,30,0,0
BRDA:254,30,1,0
BRDA:259,31,0,0
BRDA:259,31,1,0
BRDA:293,32,0,0
BRDA:293,32,1,0
BRDA:315,33,0,0
BRDA:315,33,1,0
BRDA:315,34,0,0
BRDA:315,34,1,0
BRDA:336,35,0,0
BRDA:337,36,0,0
BRDA:337,36,1,0
BRDA:354,37,0,0
BRDA:354,37,1,0
BRDA:367,38,0,0
BRDA:367,38,1,0
BRDA:386,39,0,0
BRDA:386,39,1,0
BRDA:396,40,0,0
BRDA:396,40,1,0
BRDA:397,41,0,0
BRDA:397,41,1,0
BRDA:398,42,0,0
BRDA:398,42,1,0
BRF:85
BRH:0
end_of_record
TN:
SF:src\queue\ride-consumer.js
FN:10,startRideConsumer
FN:13,(anonymous_1)
FNF:2
FNH:0
FNDA:0,startRideConsumer
FNDA:0,(anonymous_1)
DA:5,0
DA:7,0
DA:8,0
DA:11,0
DA:13,0
DA:14,0
DA:16,0
DA:17,0
DA:19,0
DA:20,0
DA:24,0
DA:25,0
DA:27,0
DA:28,0
DA:38,0
DA:39,0
DA:40,0
DA:43,0
DA:45,0
DA:48,0
DA:49,0
DA:53,0
DA:56,0
LF:23
LH:0
BRDA:14,0,0,0
BRDA:14,0,1,0
BRDA:20,1,0,0
BRDA:20,1,1,0
BRDA:24,2,0,0
BRDA:24,2,1,0
BRDA:27,3,0,0
BRDA:27,3,1,0
BRDA:27,4,0,0
BRDA:27,4,1,0
BRF:10
BRH:0
end_of_record
TN:
SF:src\queue\ride-queue.js
FN:6,(anonymous_0)
FN:20,(anonymous_1)
FN:46,(anonymous_2)
FN:56,(anonymous_3)
FN:65,(anonymous_4)
FN:66,(anonymous_5)
FN:72,(anonymous_6)
FN:73,(anonymous_7)
FN:75,(anonymous_8)
FN:77,(anonymous_9)
FN:77,(anonymous_10)
FN:84,(anonymous_11)
FN:85,(anonymous_12)
FN:94,(anonymous_13)
FNF:14
FNH:14
FNDA:11,(anonymous_0)
FNDA:16,(anonymous_1)
FNDA:4,(anonymous_2)
FNDA:2,(anonymous_3)
FNDA:1,(anonymous_4)
FNDA:1,(anonymous_5)
FNDA:9,(anonymous_6)
FNDA:2,(anonymous_7)
FNDA:1,(anonymous_8)
FNDA:5,(anonymous_9)
FNDA:7,(anonymous_10)
FNDA:1,(anonymous_11)
FNDA:1,(anonymous_12)
FNDA:4,(anonymous_13)
DA:7,11
DA:8,11
DA:9,11
DA:10,11
DA:11,11
DA:21,16
DA:22,0
DA:24,16
DA:25,1
DA:27,15
DA:34,15
DA:35,15
DA:36,15
DA:37,15
DA:39,15
DA:47,4
DA:48,3
DA:49,3
DA:57,2
DA:66,1
DA:67,1
DA:68,1
DA:69,1
DA:72,9
DA:73,2
DA:75,1
DA:77,7
DA:85,1
DA:86,1
DA:87,1
DA:88,1
DA:95,4
DA:107,11
LF:33
LH:32
BRDA:6,0,0,0
BRDA:21,1,0,0
BRDA:21,1,1,16
BRDA:21,2,0,16
BRDA:21,2,1,16
BRDA:24,3,0,1
BRDA:24,3,1,15
BRDA:32,4,0,15
BRDA:32,4,1,14
BRDA:36,5,0,15
BRDA:36,5,1,0
BRDA:47,6,0,1
BRDA:47,6,1,3
BRDA:57,7,0,2
BRDA:57,7,1,0
BRDA:67,8,0,0
BRDA:67,8,1,1
BRDA:86,9,0,0
BRDA:86,9,1,1
BRF:19
BRH:13
end_of_record
TN:
SF:src\routes\auction.js
FN:13,(anonymous_0)
FNF:1
FNH:0
FNDA:0,(anonymous_0)
DA:3,0
DA:4,0
DA:5,0
DA:6,0
DA:7,0
DA:8,0
DA:13,0
DA:14,0
DA:16,0
DA:23,0
DA:24,0
DA:28,0
DA:29,0
DA:34,0
DA:36,0
DA:38,0
DA:41,0
LF:17
LH:0
BRDA:19,0,0,0
BRDA:19,0,1,0
BRDA:23,1,0,0
BRDA:23,1,1,0
BRDA:23,2,0,0
BRDA:23,2,1,0
BRF:6
BRH:0
end_of_record
TN:
SF:src\routes\audit.js
FN:16,(anonymous_0)
FN:32,(anonymous_1)
FN:46,(anonymous_2)
FN:56,(anonymous_3)
FN:64,(anonymous_4)
FN:72,(anonymous_5)
FNF:6
FNH:0
FNDA:0,(anonymous_0)
FNDA:0,(anonymous_1)
FNDA:0,(anonymous_2)
FNDA:0,(anonymous_3)
FNDA:0,(anonymous_4)
FNDA:0,(anonymous_5)
DA:3,0
DA:4,0
DA:6,0
DA:7,0
DA:8,0
DA:9,0
DA:10,0
DA:16,0
DA:17,0
DA:18,0
DA:19,0
DA:21,0
DA:32,0
DA:33,0
DA:35,0
DA:46,0
DA:47,0
DA:56,0
DA:57,0
DA:64,0
DA:65,0
DA:67,0
DA:68,0
DA:69,0
DA:72,0
DA:73,0
DA:74,0
DA:81,0
DA:83,0
DA:99,0
LF:30
LH:0
BRDA:57,0,0,0
BRDA:57,0,1,0
BRDA:65,1,0,0
BRDA:65,1,1,0
BRDA:69,2,0,0
BRDA:69,2,1,0
BRDA:77,3,0,0
BRDA:77,3,1,0
BRDA:94,4,0,0
BRDA:94,4,1,0
BRF:10
BRH:0
end_of_record
TN:
SF:src\routes\drivers.js
FN:9,driversRouter
FN:13,(anonymous_1)
FN:19,(anonymous_2)
FN:38,(anonymous_3)
FN:53,(anonymous_4)
FN:63,(anonymous_5)
FN:78,(anonymous_6)
FN:96,(anonymous_7)
FNF:8
FNH:0
FNDA:0,driversRouter
FNDA:0,(anonymous_1)
FNDA:0,(anonymous_2)
FNDA:0,(anonymous_3)
FNDA:0,(anonymous_4)
FNDA:0,(anonymous_5)
FNDA:0,(anonymous_6)
FNDA:0,(anonymous_7)
DA:3,0
DA:10,0
DA:13,0
DA:14,0
DA:15,0
DA:19,0
DA:20,0
DA:21,0
DA:25,0
DA:26,0
DA:28,0
DA:31,0
DA:33,0
DA:38,0
DA:39,0
DA:40,0
DA:42,0
DA:43,0
DA:46,0
DA:48,0
DA:53,0
DA:54,0
DA:55,0
DA:56,0
DA:58,0
DA:63,0
DA:64,0
DA:65,0
DA:67,0
DA:68,0
DA:71,0
DA:73,0
DA:78,0
DA:79,0
DA:80,0
DA:82,0
DA:83,0
DA:88,0
DA:89,0
DA:91,0
DA:96,0
DA:97,0
DA:98,0
DA:100,0
DA:101,0
DA:104,0
DA:105,0
DA:111,0
DA:113,0
DA:117,0
DA:120,0
LF:51
LH:0
BRDA:25,0,0,0
BRDA:25,0,1,0
BRDA:42,1,0,0
BRDA:42,1,1,0
BRDA:67,2,0,0
BRDA:67,2,1,0
BRDA:82,3,0,0
BRDA:82,3,1,0
BRDA:100,4,0,0
BRDA:100,4,1,0
BRDA:104,5,0,0
BRDA:104,5,1,0
BRF:12
BRH:0
end_of_record
TN:
SF:src\routes\rides.js
FN:23,(anonymous_0)
FN:45,(anonymous_1)
FN:118,(anonymous_2)
FN:127,(anonymous_3)
FN:156,(anonymous_4)
FN:165,(anonymous_5)
FN:174,(anonymous_6)
FN:183,(anonymous_7)
FN:192,(anonymous_8)
FN:202,(anonymous_9)
FN:214,(anonymous_10)
FN:221,(anonymous_11)
FN:230,(anonymous_12)
FN:240,(anonymous_13)
FN:282,_acceptLocally
FN:313,_schedulePipeline
FN:317,(anonymous_16)
FN:320,runStep
FN:324,(anonymous_18)
FN:365,_delegateToWinner
FN:366,(anonymous_20)
FN:373,(anonymous_21)
FNF:22
FNH:0
FNDA:0,(anonymous_0)
FNDA:0,(anonymous_1)
FNDA:0,(anonymous_2)
FNDA:0,(anonymous_3)
FNDA:0,(anonymous_4)
FNDA:0,(anonymous_5)
FNDA:0,(anonymous_6)
FNDA:0,(anonymous_7)
FNDA:0,(anonymous_8)
FNDA:0,(anonymous_9)
FNDA:0,(anonymous_10)
FNDA:0,(anonymous_11)
FNDA:0,(anonymous_12)
FNDA:0,(anonymous_13)
FNDA:0,_acceptLocally
FNDA:0,_schedulePipeline
FNDA:0,(anonymous_16)
FNDA:0,runStep
FNDA:0,(anonymous_18)
FNDA:0,_delegateToWinner
FNDA:0,(anonymous_20)
FNDA:0,(anonymous_21)
DA:3,0
DA:4,0
DA:5,0
DA:7,0
DA:8,0
DA:9,0
DA:10,0
DA:11,0
DA:12,0
DA:13,0
DA:14,0
DA:15,0
DA:18,0
DA:23,0
DA:24,0
DA:26,0
DA:27,0
DA:32,0
DA:34,0
DA:43,0
DA:45,0
DA:48,0
DA:50,0
DA:51,0
DA:56,0
DA:58,0
DA:65,0
DA:72,0
DA:76,0
DA:77,0
DA:78,0
DA:81,0
DA:89,0
DA:90,0
DA:96,0
DA:98,0
DA:100,0
DA:108,0
DA:109,0
DA:111,0
DA:118,0
DA:119,0
DA:120,0
DA:121,0
DA:123,0
DA:127,0
DA:128,0
DA:129,0
DA:130,0
DA:132,0
DA:141,0
DA:142,0
DA:144,0
DA:151,0
DA:152,0
DA:156,0
DA:157,0
DA:158,0
DA:159,0
DA:161,0
DA:165,0
DA:166,0
DA:167,0
DA:168,0
DA:170,0
DA:174,0
DA:175,0
DA:176,0
DA:177,0
DA:179,0
DA:183,0
DA:184,0
DA:185,0
DA:186,0
DA:188,0
DA:192,0
DA:193,0
DA:194,0
DA:195,0
DA:196,0
DA:198,0
DA:202,0
DA:203,0
DA:204,0
DA:205,0
DA:207,0
DA:214,0
DA:215,0
DA:221,0
DA:222,0
DA:223,0
DA:224,0
DA:230,0
DA:231,0
DA:232,0
DA:233,0
DA:234,0
DA:240,0
DA:241,0
DA:242,0
DA:244,0
DA:245,0
DA:246,0
DA:253,0
DA:255,0
DA:256,0
DA:257,0
DA:260,0
DA:261,0
DA:262,0
DA:263,0
DA:264,0
DA:271,0
DA:273,0
DA:283,0
DA:286,0
DA:291,0
DA:293,0
DA:303,0
DA:307,0
DA:314,0
DA:315,0
DA:317,0
DA:318,0
DA:321,0
DA:322,0
DA:324,0
DA:325,0
DA:326,0
DA:327,0
DA:328,0
DA:330,0
DA:331,0
DA:332,0
DA:335,0
DA:336,0
DA:337,0
DA:338,0
DA:341,0
DA:343,0
DA:344,0
DA:350,0
DA:351,0
DA:355,0
DA:359,0
DA:366,0
DA:367,0
DA:369,0
DA:370,0
DA:371,0
DA:373,0
DA:374,0
DA:388,0
DA:393,0
DA:396,0
LF:155
LH:0
BRDA:18,0,0,0
BRDA:18,0,1,0
BRDA:26,1,0,0
BRDA:26,1,1,0
BRDA:26,2,0,0
BRDA:26,2,1,0
BRDA:26,2,2,0
BRDA:45,3,0,0
BRDA:45,3,1,0
BRDA:48,4,0,0
BRDA:48,4,1,0
BRDA:72,5,0,0
BRDA:72,5,1,0
BRDA:72,5,2,0
BRDA:77,6,0,0
BRDA:77,6,1,0
BRDA:89,7,0,0
BRDA:89,7,1,0
BRDA:137,8,0,0
BRDA:137,8,1,0
BRDA:138,9,0,0
BRDA:138,9,1,0
BRDA:161,10,0,0
BRDA:161,10,1,0
BRDA:170,11,0,0
BRDA:170,11,1,0
BRDA:179,12,0,0
BRDA:179,12,1,0
BRDA:188,13,0,0
BRDA:188,13,1,0
BRDA:195,14,0,0
BRDA:195,14,1,0
BRDA:198,15,0,0
BRDA:198,15,1,0
BRDA:207,16,0,0
BRDA:207,16,1,0
BRDA:223,17,0,0
BRDA:223,17,1,0
BRDA:233,18,0,0
BRDA:233,18,1,0
BRDA:245,19,0,0
BRDA:245,19,1,0
BRDA:248,20,0,0
BRDA:248,20,1,0
BRDA:256,21,0,0
BRDA:256,21,1,0
BRDA:315,22,0,0
BRDA:315,22,1,0
BRDA:318,23,0,0
BRDA:318,23,1,0
BRDA:321,24,0,0
BRDA:321,24,1,0
BRDA:326,25,0,0
BRDA:326,25,1,0
BRDA:330,26,0,0
BRDA:330,26,1,0
BRDA:336,27,0,0
BRDA:336,27,1,0
BRDA:343,28,0,0
BRDA:343,28,1,0
BRDA:350,29,0,0
BRDA:350,29,1,0
BRDA:367,30,0,0
BRDA:367,30,1,0
BRF:64
BRH:0
end_of_record
TN:
SF:src\saga\ride-saga.js
FN:22,(anonymous_0)
FN:27,(anonymous_1)
FN:35,(anonymous_2)
FN:63,(anonymous_3)
FN:74,(anonymous_4)
FN:76,(anonymous_5)
FN:81,(anonymous_6)
FN:123,(anonymous_7)
FN:138,(anonymous_8)
FN:148,(anonymous_9)
FN:152,(anonymous_10)
FN:158,(anonymous_11)
FN:184,(anonymous_12)
FNF:13
FNH:9
FNDA:15,(anonymous_0)
FNDA:6,(anonymous_1)
FNDA:0,(anonymous_2)
FNDA:5,(anonymous_3)
FNDA:0,(anonymous_4)
FNDA:0,(anonymous_5)
FNDA:11,(anonymous_6)
FNDA:2,(anonymous_7)
FNDA:1,(anonymous_8)
FNDA:2,(anonymous_9)
FNDA:0,(anonymous_10)
FNDA:11,(anonymous_11)
FNDA:11,(anonymous_12)
DA:1,10
DA:2,10
DA:3,10
DA:4,10
DA:6,10
DA:16,10
DA:23,15
DA:28,6
DA:36,0
DA:37,0
DA:39,0
DA:41,0
DA:57,0
DA:58,0
DA:59,0
DA:64,5
DA:75,0
DA:76,0
DA:82,11
DA:84,11
DA:86,11
DA:88,11
DA:89,1
DA:90,0
DA:95,1
DA:98,10
DA:100,10
DA:105,10
DA:107,10
DA:109,10
DA:116,10
DA:120,10
DA:124,2
DA:125,2
DA:127,2
DA:128,2
DA:130,2
DA:131,2
DA:138,2
DA:139,1
DA:140,1
DA:144,2
DA:145,2
DA:149,2
DA:153,0
DA:159,11
DA:160,11
DA:161,11
DA:163,11
DA:178,11
DA:179,11
DA:180,11
DA:181,11
DA:185,11
DA:194,11
DA:198,10
DA:199,10
LF:57
LH:46
BRDA:37,0,0,0
BRDA:37,0,1,0
BRDA:69,1,0,5
BRDA:69,1,1,5
BRDA:81,2,0,9
BRDA:84,3,0,0
BRDA:84,3,1,11
BRDA:88,4,0,1
BRDA:88,4,1,10
BRDA:89,5,0,0
BRDA:89,5,1,1
BRDA:125,6,0,0
BRDA:125,6,1,2
BRDA:139,7,0,1
BRDA:139,7,1,0
BRDA:149,8,0,2
BRDA:149,8,1,0
BRDA:168,9,0,11
BRDA:168,9,1,0
BRDA:169,10,0,11
BRDA:169,10,1,6
BRDA:194,11,0,11
BRDA:194,11,1,0
BRF:23
BRH:14
end_of_record
TN:
SF:src\tests\test-db.js
FN:6,run
FN:49,(anonymous_1)
FNF:2
FNH:0
FNDA:0,run
FNDA:0,(anonymous_1)
DA:4,0
DA:8,0
DA:9,0
DA:10,0
DA:13,0
DA:15,0
DA:17,0
DA:18,0
DA:19,0
DA:22,0
DA:24,0
DA:26,0
DA:27,0
DA:28,0
DA:31,0
DA:35,0
DA:37,0
DA:38,0
DA:39,0
DA:42,0
DA:44,0
DA:46,0
DA:49,0
DA:50,0
DA:51,0
LF:25
LH:0
BRF:0
BRH:0
end_of_record
